Model Name:	MNL	
Number of individuals:	1138	
Number of observations:	10242	
Number of preliminary iterations:	30000	
Number of draws used per individual:	20000	
Random Seed:	1987	
Total iterations:	50000	
Degrees of Freedom:	5	
Number of parameters:	3	


Random parameters estimated (Distribution): 
ASC1 ( N )
BTime ( N )
BCost ( N )


Prior Variance-Covariance Matrix:
      ASC1 BTime BCost
ASC1     2     0     0
BTime    0     2     0
BCost    0     0     2

Estimated:	5.14 mins	
----------------------------------------------------------- 
 Iteration Log-Likelihood       RLH Parameter RMS Avg. Variance Acceptance Rate (Fixed) Acceptance Rate (Normal)
         1      -5990.294 0.5717986     0.2597953     0.0679757                       0                0.3725835
       250      -4114.772 0.6928770     0.4085163     0.1786765                       0                0.2829525
       500      -4111.764 0.6935741     0.4924299     0.3135867                       0                0.3040422
       750      -4040.421 0.6975189     0.5903116     0.4649712                       0                0.3216169
      1000      -4104.335 0.6944903     0.6697066     0.6209888                       0                0.2908612
      1250      -4043.333 0.6979905     0.7601014     0.8019747                       0                0.3137083
      1500      -4074.523 0.6957257     0.7803853     0.8316192                       0                0.2926186
      1750      -4037.917 0.6976411     0.8072875     0.9104027                       0                0.3181019
      2000      -4040.770 0.6984451     0.8131430     0.9003774                       0                0.3040422
      2250      -4060.515 0.6966424     0.8216308     0.9082346                       0                0.3049209
      2500      -4066.842 0.6960090     0.8104396     0.8792321                       0                0.3022847
      2750      -4040.297 0.6973440     0.7868055     0.8468593                       0                0.3163445
      3000      -4056.990 0.6968734     0.7193034     0.7059118                       0                0.3163445
      3250      -4026.323 0.6991293     0.7722982     0.7904968                       0                0.3198594
      3500      -4058.433 0.6978478     0.7878184     0.8561505                       0                0.3137083
      3750      -4030.555 0.6983006     0.7279728     0.7001946                       0                0.3189807
      4000      -4033.899 0.6982489     0.7383010     0.7323091                       0                0.3260105
      4250      -4033.875 0.6980811     0.8065059     0.8736825                       0                0.2741652
      4500      -4004.098 0.6996657     0.7357011     0.7486302                       0                0.2469244
      4750      -3973.601 0.7022493     0.8723607     1.0598437                       0                0.3646749
      5000      -3972.240 0.7026696     0.8035347     0.8649215                       0                0.3137083
      5250      -3988.701 0.7010074     0.9112271     1.0165497                       0                0.2715290
      5500      -4048.001 0.6973033     0.9135345     1.0293721                       0                0.2961336
      5750      -4011.777 0.6994711     0.8384111     0.8680988                       0                0.3057996
      6000      -4057.821 0.6962832     0.7839332     0.7881184                       0                0.2732865
      6250      -4044.155 0.6977533     0.8172803     0.8881802                       0                0.3049209
      6500      -4048.032 0.6971204     0.8448125     0.9706600                       0                0.2636204
      6750      -4042.516 0.6976137     0.8017029     0.8707305                       0                0.3163445
      7000      -4062.436 0.6966839     0.9013431     1.0849644                       0                0.3145870
      7250      -4008.530 0.6998823     0.8917021     0.9997572                       0                0.3216169
      7500      -4026.950 0.6987469     0.9032829     1.0620929                       0                0.3110721
      7750      -3989.381 0.7014975     0.9302863     1.1741899                       0                0.3181019
      8000      -3980.224 0.7023436     0.9047939     1.0788974                       0                0.2908612
      8250      -3972.540 0.7018483     0.9604176     1.2763483                       0                0.2952548
      8500      -4010.445 0.6996896     0.9283328     1.1706271                       0                0.3066784
      8750      -3986.215 0.7011741     0.9415465     1.2056087                       0                0.3365554
      9000      -4021.336 0.7007241     1.0345249     1.5019787                       0                0.2653779
      9250      -3983.020 0.7013790     0.9650656     1.2654503                       0                0.3049209
      9500      -4060.281 0.6965985     0.8455994     0.9729886                       0                0.3005272
      9750      -4012.039 0.6996824     0.8339968     0.9532725                       0                0.2908612
     10000      -4024.268 0.6985952     0.7556380     0.7726281                       0                0.3207381
     10250      -3997.345 0.7007466     1.0388538     1.4509389                       0                0.2917399
     10500      -3990.892 0.7009036     0.9254082     1.1602538                       0                0.3093146
     10750      -4014.640 0.7000461     0.9883735     1.2580413                       0                0.3356766
     11000      -4016.141 0.7002579     0.9455962     1.2286247                       0                0.3022847
     11250      -4029.788 0.6987082     0.7955357     0.8608079                       0                0.3172232
     11500      -4012.668 0.6997960     0.8441464     0.9338283                       0                0.3057996
     11750      -4053.345 0.6971736     0.7949307     0.8506705                       0                0.3181019
     12000      -4025.766 0.7000723     0.7861311     0.8372348                       0                0.3462214
     12250      -4005.690 0.6993002     0.7397944     0.7395149                       0                0.3137083
     12500      -4060.770 0.6956538     0.6901070     0.6385678                       0                0.2864675
     12750      -4041.516 0.6976260     0.7781122     0.8243368                       0                0.2776801
     13000      -4051.200 0.6965531     0.7638703     0.7993327                       0                0.2908612
     13250      -4050.756 0.6971036     0.7510773     0.7783447                       0                0.3163445
     13500      -4030.326 0.6986493     0.7854286     0.8443417                       0                0.3216169
     13750      -4012.491 0.6989365     0.7499787     0.7895728                       0                0.2794376
     14000      -4042.913 0.6974174     0.7514965     0.7934306                       0                0.2864675
     14250      -4059.441 0.6971073     0.7680418     0.8131547                       0                0.3233743
     14500      -4028.408 0.6987050     0.7463594     0.7608703                       0                0.3154657
     14750      -4047.607 0.6974052     0.7997666     0.8726146                       0                0.2838313
     15000      -4038.346 0.6983807     0.7664070     0.8071570                       0                0.3075571
     15250      -4012.589 0.6997553     0.8148445     0.9316842                       0                0.2706503
     15500      -3971.378 0.7017448     0.8471202     0.9483084                       0                0.3312830
     15750      -4044.369 0.6977581     0.8332166     0.9341756                       0                0.3251318
     16000      -3990.461 0.7012488     0.8114928     0.9017894                       0                0.2978910
     16250      -4040.004 0.6970867     0.7466242     0.7357990                       0                0.2961336
     16500      -4052.391 0.6978468     0.7206195     0.7214565                       0                0.3427065
     16750      -4045.692 0.6974744     0.7714997     0.7864457                       0                0.3005272
     17000      -4004.588 0.7006270     0.8547537     0.9689743                       0                0.3242531
     17250      -4017.648 0.6992274     0.8156365     0.8708126                       0                0.2768014
     17500      -4039.451 0.6983432     0.8179229     0.8793379                       0                0.2855888
     17750      -4027.625 0.6988289     0.8644526     1.0043276                       0                0.3022847
     18000      -4053.281 0.6969839     0.8343203     0.9192694                       0                0.3005272
     18250      -4013.103 0.6994294     0.8339616     0.9490525                       0                0.3207381
     18500      -4022.263 0.6992755     0.7930568     0.8699147                       0                0.3189807
     18750      -4047.382 0.6977290     0.7683185     0.7856628                       0                0.3005272
     19000      -4009.210 0.6998525     0.7414322     0.7444525                       0                0.3163445
     19250      -4034.682 0.6983482     0.7174810     0.7150105                       0                0.3154657
     19500      -4044.759 0.6986054     0.7956024     0.8747347                       0                0.3057996
     19750      -4062.274 0.6965576     0.7689293     0.8293092                       0                0.2908612
     20000      -4060.591 0.6974960     0.8267126     0.9470560                       0                0.2987698
     20250      -4004.418 0.6998054     0.8299364     0.9092951                       0                0.2680141
     20500      -4017.102 0.6994577     0.8711849     1.0323662                       0                0.2847100
     20750      -4040.929 0.6980991     0.8556733     0.9816545                       0                0.2838313
     21000      -4054.412 0.6966917     0.7610342     0.7986637                       0                0.3189807
     21250      -4002.484 0.7005400     0.7801538     0.8471849                       0                0.3189807
     21500      -4027.539 0.6983246     0.7661675     0.8256985                       0                0.2855888
     21750      -4034.520 0.6988490     0.7597476     0.7950433                       0                0.3101933
     22000      -4070.176 0.6960935     0.7430994     0.7655254                       0                0.3409490
     22250      -4028.818 0.6989106     0.7618815     0.7649704                       0                0.2592267
     22500      -4068.532 0.6964325     0.7165157     0.6983835                       0                0.2891037
     22750      -3997.937 0.6999733     0.6779649     0.6044645                       0                0.3216169
     23000      -4064.489 0.6960320     0.6560952     0.5879751                       0                0.2759227
     23250      -4060.101 0.6964862     0.6723737     0.6242322                       0                0.2943761
     23500      -4047.077 0.6977074     0.7041205     0.6754633                       0                0.2899824
     23750      -4056.413 0.6963505     0.6994611     0.6614197                       0                0.3207381
     24000      -4062.984 0.6966852     0.6830256     0.6386771                       0                0.3312830
     24250      -4061.520 0.6971496     0.7170342     0.6974519                       0                0.3137083
     24500      -4088.335 0.6951149     0.7597642     0.7995887                       0                0.3066784
     24750      -4085.398 0.6954843     0.7677542     0.8334125                       0                0.3453427
     25000      -4053.809 0.6974263     0.8040287     0.8938937                       0                0.2987698
     25250      -4019.044 0.6995461     0.8288257     0.9541633                       0                0.2855888
     25500      -4035.713 0.6988707     0.8205049     0.9404641                       0                0.3014060
     25750      -4046.667 0.6979461     0.7338628     0.7174617                       0                0.2987698
     26000      -4073.630 0.6951098     0.7399556     0.7342088                       0                0.3268893
     26250      -4031.162 0.6981124     0.7522931     0.7884024                       0                0.3137083
     26500      -4042.684 0.6979212     0.7621511     0.8085901                       0                0.2908612
     26750      -4040.380 0.6975212     0.7703503     0.8122617                       0                0.3119508
     27000      -4056.362 0.6975420     0.8065221     0.8450057                       0                0.3040422
     27250      -4016.264 0.6995490     0.8255186     0.9033602                       0                0.3207381
     27500      -3994.313 0.7005996     0.8707762     1.0178823                       0                0.3277680
     27750      -3989.973 0.7010353     0.8251539     0.9575377                       0                0.3189807
     28000      -4042.284 0.6974094     0.7357048     0.7199767                       0                0.3066784
     28250      -3975.083 0.7014230     0.8512466     0.9881078                       0                0.2978910
     28500      -4040.766 0.6980104     0.8932181     1.0764347                       0                0.2996485
     28750      -4014.805 0.6986187     0.8793615     1.0209649                       0                0.3005272
     29000      -3969.894 0.7016039     0.9098642     1.1360681                       0                0.2715290
     29250      -3988.330 0.7012301     0.8464416     0.9745498                       0                0.2873462
     29500      -4051.478 0.6974591     0.8240304     0.8870261                       0                0.2934974
     29750      -4005.787 0.6993936     0.8214560     0.8913605                       0                0.2917399
     30000      -4052.294 0.6972444     0.8176499     0.8979369                       0                0.2768014
     30250      -4022.505 0.6993491     0.8536648     0.9436173                       0                0.2759227
     30500      -4043.670 0.6982583     0.7687578     0.7582791                       0                0.2794376
     30750      -4010.277 0.7004129     0.7974674     0.8653621                       0                0.2803163
     31000      -4061.306 0.6960602     0.7715101     0.7975621                       0                0.2697715
     31250      -4032.500 0.6981146     0.8330495     0.9277640                       0                0.2952548
     31500      -4028.859 0.6979033     0.7907886     0.8524306                       0                0.3040422
     31750      -4058.094 0.6966890     0.7952268     0.8362219                       0                0.2934974
     32000      -4010.912 0.7006307     0.8524635     1.0186870                       0                0.3251318
     32250      -4027.520 0.6985776     0.8428919     0.9924514                       0                0.2864675
     32500      -4083.105 0.6957272     0.7771677     0.8063765                       0                0.3075571
     32750      -4016.239 0.6998619     0.8704744     1.0248692                       0                0.3040422
     33000      -4010.837 0.7001707     0.8142761     0.9345892                       0                0.2680141
     33250      -4045.555 0.6978292     0.8131713     0.9145590                       0                0.3075571
     33500      -4036.033 0.6974539     0.8122115     0.9341224                       0                0.2741652
     33750      -4034.672 0.6982585     0.8069522     0.8917737                       0                0.2882250
     34000      -4077.437 0.6962999     0.8636264     1.0416980                       0                0.3084359
     34250      -4048.157 0.6974616     0.9088990     1.1108754                       0                0.3101933
     34500      -4047.459 0.6969820     0.9244659     1.1638796                       0                0.2864675
     34750      -4049.478 0.6978951     0.8567401     1.0079456                       0                0.2864675
     35000      -3995.270 0.7001767     0.7672137     0.7948842                       0                0.3145870
     35250      -4034.448 0.6984712     0.7742944     0.8191357                       0                0.3154657
     35500      -4027.105 0.6987485     0.7409124     0.7510488                       0                0.3110721
     35750      -4015.534 0.6992742     0.7512886     0.7885418                       0                0.3268893
     36000      -4041.861 0.6977827     0.7359033     0.7381612                       0                0.3268893
     36250      -4073.611 0.6961960     0.7320853     0.7437559                       0                0.3014060
     36500      -4038.066 0.6975323     0.7448842     0.7743202                       0                0.3084359
     36750      -4067.951 0.6959095     0.7563393     0.8144315                       0                0.3330404
     37000      -4060.043 0.6967464     0.8060708     0.9072893                       0                0.2952548
     37250      -4010.940 0.6999985     0.7312886     0.7258082                       0                0.3066784
     37500      -4043.010 0.6981032     0.8354726     0.9529527                       0                0.2838313
     37750      -4014.586 0.6995240     0.7762971     0.8149467                       0                0.3031634
     38000      -4005.672 0.7003908     0.8407211     0.9292872                       0                0.2961336
     38250      -3965.975 0.7029683     0.8361281     0.9061624                       0                0.2934974
     38500      -4022.963 0.6989238     0.7996582     0.8525513                       0                0.2776801
     38750      -4013.594 0.6990273     0.7542462     0.7255888                       0                0.2776801
     39000      -4008.300 0.7004034     0.8067400     0.8635995                       0                0.2864675
     39250      -4038.065 0.6988213     0.9026218     1.1291930                       0                0.3646749
     39500      -3969.718 0.7022312     0.9005240     1.0961316                       0                0.3022847
     39750      -4054.782 0.6965752     0.7688641     0.7980318                       0                0.2943761
     40000      -4017.470 0.6995458     0.9162166     1.1493396                       0                0.3172232
     40250      -3931.797 0.7049742     0.9464868     1.2387382                       0                0.3137083
     40500      -4037.823 0.6974627     0.9493273     1.1875678                       0                0.3383128
     40750      -4000.942 0.7003578     0.8948730     1.0535018                       0                0.3119508
     41000      -4041.654 0.6980711     0.9614716     1.2389516                       0                0.2908612
     41250      -3995.816 0.7006810     0.9970871     1.2773028                       0                0.3014060
     41500      -4009.380 0.6997751     0.9916417     1.1887974                       0                0.2618629
     41750      -4019.397 0.6982787     0.9762462     1.1741627                       0                0.2978910
     42000      -4021.595 0.6991106     0.8865104     1.0200062                       0                0.3022847
     42250      -4020.037 0.6983987     0.8790554     1.0369766                       0                0.3172232
     42500      -4064.084 0.6969377     0.8453028     0.9603814                       0                0.3242531
     42750      -4050.858 0.6980450     0.9476717     1.1913455                       0                0.2978910
     43000      -3962.595 0.7025817     0.9070960     1.0837785                       0                0.3049209
     43250      -4009.915 0.7003858     0.9274019     1.1500773                       0                0.2706503
     43500      -3991.648 0.7011612     0.8927194     1.0869949                       0                0.2750439
     43750      -4061.253 0.6967360     0.9265568     1.1544407                       0                0.3022847
     44000      -4040.875 0.6983439     0.9287077     1.1164298                       0                0.3181019
     44250      -3994.921 0.6995927     1.0284891     1.4047944                       0                0.2442882
     44500      -4046.107 0.6975566     0.9393959     1.1689562                       0                0.3304042
     44750      -4027.392 0.6983346     0.8628573     0.9756256                       0                0.2978910
     45000      -3997.899 0.7010558     0.8358881     0.9326302                       0                0.3005272
     45250      -4017.742 0.6990157     0.8474244     0.9947817                       0                0.2899824
     45500      -3951.354 0.7036378     0.8855292     1.0837046                       0                0.2750439
     45750      -3988.325 0.7013258     0.9319888     1.1739257                       0                0.2768014
     46000      -4024.225 0.6986642     0.8556699     0.9754574                       0                0.3022847
     46250      -3987.869 0.7009395     0.9340669     1.1255955                       0                0.3049209
     46500      -4014.585 0.6993799     0.9304263     1.1121841                       0                0.2829525
     46750      -4043.915 0.6977198     0.9330108     1.1495361                       0                0.3049209
     47000      -3999.663 0.7005477     0.9206496     1.1414761                       0                0.3145870
     47250      -4028.895 0.6980081     0.7828516     0.8236697                       0                0.3216169
     47500      -4025.199 0.6991103     0.7518286     0.7758272                       0                0.2803163
     47750      -4030.947 0.6989821     0.7370426     0.7392622                       0                0.2891037
     48000      -4066.213 0.6965451     0.7090754     0.6852851                       0                0.2952548
     48250      -4038.803 0.6976472     0.7575742     0.7742671                       0                0.2847100
     48500      -4089.554 0.6943629     0.7267360     0.7205740                       0                0.3163445
     48750      -4067.630 0.6962234     0.7633670     0.8113301                       0                0.2970123
     49000      -4041.006 0.6983225     0.8280388     0.9523671                       0                0.3260105
     49250      -4028.508 0.6990083     0.8237124     0.8991249                       0                0.3119508
     49500      -4034.088 0.6989129     0.7544463     0.7810476                       0                0.3163445
     49750      -4030.835 0.6988690     0.8182534     0.9109816                       0                0.2653779
     50000      -4076.015 0.6953975     0.8651473     1.0122126                       0                0.2838313
