Model Name:	Model1	
Number of individuals:	1000	
Number of observations:	10000	
Number of preliminary iterations:	25000	
Number of draws used per individual:	25000	
Random Seed:	1987	
Total iterations:	50000	
Prior Variance:	2	
Degrees of Freedom:	5	
Number of parameters:	7	
Random Parameters estimated (Distribution): 
price ( N ) 
brand2 ( N ) 
brand3 ( N ) 
ff2 ( N ) 
ff3 ( N ) 
feat2 ( N ) 
feat3 ( N ) 


Estimated:	Mon Jun 09 12:34:51 PM 2014	
----------------------------------------------------------- 

Iteration Log-Likelihood RLH Parameter RMS Avg. Variance Acceptance Rate (Normal) 	
0	-13862.94	0.25	0	0	0
500	-6994.897	0.5147273	1.68925	2.849534	0.277
1000	-6710.98	0.529657	1.869763	3.533341	0.306
1500	-6528.537	0.5400041	1.963504	3.872792	0.29
2000	-6609.381	0.5350185	1.914643	3.686602	0.34
2500	-6593.362	0.5374526	1.95991	3.837463	0.298
3000	-6669.999	0.5325699	1.914296	3.690793	0.26
3500	-6620.742	0.5365054	1.931477	3.724577	0.313
4000	-6609.306	0.5359296	1.917531	3.676248	0.309
4500	-6623.617	0.5347459	1.938159	3.749912	0.284
5000	-6538.179	0.5384715	1.925249	3.720856	0.322
5500	-6554.635	0.5393996	1.948211	3.8054	0.316
6000	-6598.755	0.5359179	1.937701	3.755314	0.265
6500	-6637.604	0.5345291	1.939728	3.739906	0.283
7000	-6711.163	0.5306077	1.92023	3.702853	0.297
7500	-6751.085	0.5284051	1.891482	3.632473	0.304
8000	-6656.369	0.5336025	1.897144	3.603271	0.245
8500	-6868.845	0.5216208	1.770724	3.163016	0.304
9000	-6644.241	0.5334799	1.970336	3.894585	0.311
9500	-6525.786	0.5394095	1.972612	3.903083	0.26
10000	-6739.254	0.5278455	1.866021	3.476439	0.327
10500	-6668.001	0.5336847	1.936281	3.710972	0.309
11000	-6477.046	0.5428495	1.972616	3.868626	0.311
11500	-6695.405	0.5319785	1.883788	3.543355	0.317
12000	-6730.097	0.5290932	1.863104	3.498106	0.284
12500	-6537.286	0.5398039	1.956029	3.795064	0.309
13000	-6599.097	0.5364648	1.932602	3.768657	0.313
13500	-6567.538	0.5386674	1.980192	3.905414	0.264
14000	-6652.742	0.5346479	1.97586	3.916395	0.309
14500	-6484.4	0.5431579	2.002878	3.996417	0.268
15000	-6693.29	0.5315541	1.940585	3.782119	0.327
15500	-6578.032	0.5390013	1.992696	3.96541	0.293
16000	-6628.367	0.5355892	1.977709	3.962808	0.312
16500	-6590.532	0.5373369	1.954165	3.864856	0.315
17000	-6603.961	0.536352	1.918598	3.679034	0.261
17500	-6634.204	0.5342739	1.912347	3.645995	0.31
18000	-6615.123	0.5359769	1.922488	3.702519	0.275
18500	-6652.738	0.5330602	1.912095	3.63151	0.302
19000	-6657.67	0.5326053	1.872383	3.527103	0.299
19500	-6763.385	0.5269237	1.851523	3.45839	0.298
20000	-6619.142	0.5352188	1.936901	3.728628	0.313
20500	-6593.92	0.537572	1.953045	3.808902	0.309
21000	-6640.847	0.5327804	1.818194	3.301454	0.278
21500	-6553.408	0.5385217	1.973496	3.894305	0.329
22000	-6772.042	0.527716	1.870963	3.499513	0.298
22500	-6450.157	0.5441233	2.012322	4.061054	0.295
23000	-6643.861	0.5347878	1.935753	3.776681	0.252
23500	-6731.293	0.5287124	1.894454	3.611103	0.298
24000	-6683.362	0.5320146	1.873341	3.521696	0.32
24500	-6629.827	0.5347269	1.968303	3.855273	0.296
25000	-6573.27	0.5375069	1.96587	3.853116	0.301
25500	-6627.034	0.5343815	1.909763	3.667411	0.309
26000	-6548.935	0.5395696	1.956821	3.857144	0.293
26500	-6777.461	0.5274274	1.79833	3.260959	0.318
27000	-6738.528	0.5284478	1.873641	3.556922	0.345
27500	-6636.599	0.53431	1.896952	3.62664	0.33
28000	-6612.026	0.5372631	1.919172	3.742988	0.292
28500	-6565.935	0.5385604	1.943872	3.808024	0.31
29000	-6554.816	0.5387663	1.948083	3.797135	0.265
29500	-6535.497	0.5409904	2.037664	4.175915	0.299
30000	-6582.137	0.5371719	1.986027	3.966035	0.28
30500	-6642.305	0.5331307	1.932049	3.720123	0.325
31000	-6628.328	0.5349009	1.901851	3.59886	0.311
31500	-6599.799	0.5353666	1.921654	3.72243	0.279
32000	-6534.617	0.5389466	1.991374	3.941201	0.282
32500	-6649.208	0.5331162	1.918965	3.706828	0.317
33000	-6682.399	0.5325057	1.906127	3.64036	0.255
33500	-6711.016	0.5297512	1.846423	3.405446	0.305
34000	-6604.407	0.5354128	1.930775	3.742774	0.318
34500	-6516.396	0.5413769	1.986753	3.978527	0.33
35000	-6576.848	0.5369724	1.960672	3.841841	0.33
35500	-6751.11	0.5279899	1.921772	3.670146	0.293
36000	-6760.37	0.528152	1.839615	3.390977	0.257
36500	-6646.68	0.5353846	1.907673	3.665277	0.292
37000	-6709.025	0.5300107	1.848013	3.430748	0.337
37500	-6592.132	0.5359949	1.949764	3.829677	0.305
38000	-6661.432	0.5343484	1.929714	3.746882	0.296
38500	-6690.741	0.5317362	1.905804	3.650433	0.282
39000	-6721.086	0.5300264	1.906124	3.640901	0.3
39500	-6680.129	0.532385	1.913745	3.668556	0.277
40000	-6669.614	0.5326026	1.875499	3.538438	0.283
40500	-6739.786	0.5287466	1.862368	3.49091	0.282
41000	-6645.548	0.5335472	1.906736	3.634213	0.305
41500	-6633.791	0.5347623	1.875194	3.536291	0.31
42000	-6693.926	0.531201	1.885312	3.57359	0.313
42500	-6732.315	0.530432	1.907532	3.627776	0.3
43000	-6636.2	0.534718	1.911126	3.678732	0.292
43500	-6709.264	0.5312297	1.895714	3.613633	0.33
44000	-6553.818	0.5382844	1.917845	3.663095	0.288
44500	-6524.31	0.5401526	1.936343	3.786792	0.275
45000	-6604.657	0.5356865	1.968503	3.907551	0.31
45500	-6617.557	0.5360618	2.014596	4.069604	0.322
46000	-6560.743	0.5377039	1.931341	3.780856	0.313
46500	-6775.103	0.5290947	1.905301	3.645702	0.303
47000	-6567.458	0.5368092	1.931443	3.707421	0.323
47500	-6559.489	0.5385845	1.903145	3.636215	0.297
48000	-6585.5	0.5360005	1.928013	3.737311	0.292
48500	-6562.69	0.5387386	1.984555	3.955221	0.302
49000	-6713.879	0.5311751	1.959752	3.885311	0.321
49500	-6566.936	0.539175	1.970976	3.892471	0.265
50000	-6503.845	0.5414373	1.955482	3.789346	0.282