

CBC/HB Build Process (6/9/2014 3:15:56 PM)
=====================================================
Data File: R:\Knowledge\ART Forum\2014\RSGHB Poster\synthetic poster data.csv

Attribute              Coding           Levels
-----------------------------------------------------
price                  User-specified   N/A
brand                  Part Worth       3
ff                     Part Worth       3
feat                   Part Worth       3

The number of parameters to be estimated is 7.

All tasks are included in estimation.

Build includes 1000 respondents.


Total number of choices in each response category:
Concept     Number  Percent
-----------------------------------------------------
        1   2508.0   25.08%
        2   2563.0   25.63%
        3   2488.0   24.88%
        4   2441.0   24.41%

There are 10000 expanded tasks in total, or an average of 10.0 tasks per respondent.

The build file 'C:\Users\jeff.keller\AppData\Local\Temp\tmp7FC0.tmp' was built successfully.



CBC/HB Build Process (6/9/2014 3:16:20 PM)
=====================================================
Data File: R:\Knowledge\ART Forum\2014\RSGHB Poster\synthetic poster data.csv

Attribute              Coding           Levels
-----------------------------------------------------
price                  User-specified   N/A
brand                  Part Worth       3
ff                     Part Worth       3
feat                   Part Worth       3

The number of parameters to be estimated is 7.

All tasks are included in estimation.

Build includes 1000 respondents.


Total number of choices in each response category:
Concept     Number  Percent
-----------------------------------------------------
        1   2508.0   25.08%
        2   2563.0   25.63%
        3   2488.0   24.88%
        4   2441.0   24.41%

There are 10000 expanded tasks in total, or an average of 10.0 tasks per respondent.

The build file 'C:\Users\jeff.keller\AppData\Local\Temp\tmpE16F.tmp' was built successfully.



CBC/HB Estimation (6/9/2014 3:16:29 PM)
=====================================================
Using build file 'C:\Users\jeff.keller\AppData\Local\Temp\tmpE16F.tmp'
Preliminary iterations        25000
Draws used per respondent     25000
Total iterations              50000
Skip factor for log file        250
Number of respondents          1000
Parameters per respondent         7
Total task weight              1.00
No covariates in use
No constraints in use
Random draws not saved
Variables are dummy-coded
Prior degrees of freedom          5
Prior variance                 2.00
Target acceptance rate         0.30
Random seed used                  1

 Iteration  Jump Size Acceptance Pct. Cert.        RLH    Avg Var  Param RMS
       250    0.35866    0.28300    0.49030    0.49332    1.80045    1.83533
       500    0.31258    0.31000    0.51887    0.51325    2.74066    2.20057
       750    0.30269    0.32000    0.52812    0.51988    3.10137    2.34481
      1000    0.29606    0.31000    0.52868    0.52028    2.86094    2.28586
      1250    0.25802    0.31300    0.53538    0.52514    3.09104    2.33223
      1500    0.24986    0.32100    0.52491    0.51756    2.92729    2.29535
      1750    0.28983    0.30200    0.53182    0.52255    3.14719    2.36580
      2000    0.30872    0.28100    0.53078    0.52180    3.03016    2.33641
      2250    0.28009    0.28100    0.52574    0.51816    2.93584    2.27596
      2500    0.33149    0.25200    0.53490    0.52479    3.07375    2.33192
      2750    0.31779    0.26400    0.51862    0.51308    2.71013    2.23245
      3000    0.27696    0.31800    0.53417    0.52425    2.83068    2.25164
      3250    0.27090    0.28100    0.53424    0.52431    3.21709    2.38964
      3500    0.26232    0.32500    0.54276    0.53054    3.63115    2.46627
      3750    0.28224    0.32200    0.53670    0.52610    3.22504    2.41191
      4000    0.27058    0.28700    0.53565    0.52533    3.21992    2.38166
      4250    0.29406    0.28200    0.52252    0.51586    2.85867    2.22776
      4500    0.27909    0.30400    0.52775    0.51961    2.68730    2.25139
      4750    0.29728    0.25600    0.53761    0.52676    3.18722    2.35592
      5000    0.23553    0.35000    0.53373    0.52394    3.20986    2.38665
      5250    0.25088    0.33000    0.53023    0.52140    2.98282    2.32694
      5500    0.26723    0.29500    0.53317    0.52353    3.01159    2.35282
      5750    0.25619    0.31200    0.52984    0.52112    3.18298    2.38684
      6000    0.30017    0.28800    0.52847    0.52013    2.95523    2.32897
      6250    0.26160    0.28300    0.53110    0.52203    3.40400    2.44515
      6500    0.30345    0.29000    0.52847    0.52013    3.07977    2.37193
      6750    0.26983    0.30200    0.53814    0.52715    3.21412    2.39177
      7000    0.28742    0.28800    0.53448    0.52448    3.34994    2.43240
      7250    0.28113    0.28500    0.54098    0.52923    3.37539    2.45867
      7500    0.27223    0.32900    0.52786    0.51969    3.22952    2.37687
      7750    0.21786    0.33100    0.53682    0.52618    3.14063    2.33974
      8000    0.31200    0.26700    0.53372    0.52393    3.09416    2.35996
      8250    0.24472    0.32000    0.53674    0.52612    3.18427    2.39082
      8500    0.28674    0.29000    0.52663    0.51880    2.76459    2.28254
      8750    0.30851    0.29600    0.52766    0.51955    2.97176    2.33771
      9000    0.27159    0.30600    0.52747    0.51941    3.26113    2.36386
      9250    0.26299    0.31900    0.53333    0.52365    3.22413    2.38206
      9500    0.25212    0.34400    0.53989    0.52843    3.42733    2.41860
      9750    0.26586    0.30000    0.53223    0.52284    3.16705    2.39458
     10000    0.28319    0.28700    0.53348    0.52375    3.10869    2.35479
     10250    0.33517    0.28600    0.53046    0.52156    2.99080    2.28327
     10500    0.29505    0.30400    0.52820    0.51993    2.97361    2.31927
     10750    0.25974    0.31800    0.53183    0.52256    3.20069    2.39216
     11000    0.24900    0.32100    0.53583    0.52546    3.16056    2.33581
     11250    0.26258    0.30600    0.53701    0.52632    2.84177    2.27030
     11500    0.31077    0.27100    0.52752    0.51945    2.92920    2.27189
     11750    0.27358    0.28700    0.52537    0.51790    2.95728    2.31054
     12000    0.27030    0.31700    0.52654    0.51874    3.15047    2.36146
     12250    0.28791    0.28400    0.52431    0.51714    2.87029    2.30402
     12500    0.27601    0.30400    0.52705    0.51910    3.14041    2.35863
     12750    0.30300    0.30100    0.53267    0.52316    3.08077    2.34355
     13000    0.26143    0.35800    0.52458    0.51733    2.92889    2.28819
     13250    0.31253    0.28800    0.52712    0.51916    2.77906    2.24421
     13500    0.27791    0.35300    0.52033    0.51429    2.74693    2.22989
     13750    0.24220    0.31100    0.53622    0.52575    3.33986    2.42332
     14000    0.26322    0.33500    0.53518    0.52499    2.96521    2.32967
     14250    0.31153    0.26800    0.53308    0.52346    3.14930    2.36670
     14500    0.30167    0.29200    0.52520    0.51778    2.93252    2.32144
     14750    0.31812    0.30000    0.53008    0.52129    2.91244    2.28996
     15000    0.30497    0.26900    0.53467    0.52462    3.30449    2.43521
     15250    0.29532    0.29600    0.53564    0.52532    3.04895    2.34970
     15500    0.31456    0.29100    0.53002    0.52125    3.06987    2.36999
     15750    0.27691    0.30300    0.52998    0.52122    2.79699    2.28318
     16000    0.29496    0.28400    0.53155    0.52236    2.93902    2.30562
     16250    0.25449    0.32300    0.52487    0.51754    2.90382    2.28029
     16500    0.30120    0.30100    0.52546    0.51796    3.10446    2.28067
     16750    0.26250    0.33100    0.53016    0.52135    3.15420    2.34359
     17000    0.25419    0.35500    0.53328    0.52361    3.22733    2.38977
     17250    0.29783    0.26300    0.52987    0.52114    3.06985    2.27212
     17500    0.34897    0.25700    0.51961    0.51378    2.59167    2.19565
     17750    0.30109    0.30500    0.52547    0.51797    2.85064    2.25848
     18000    0.32072    0.28800    0.52315    0.51631    2.83680    2.26628
     18250    0.30746    0.30600    0.53765    0.52679    3.26659    2.38646
     18500    0.29772    0.27200    0.53824    0.52722    3.24626    2.38388
     18750    0.32357    0.24200    0.53405    0.52417    3.23747    2.38702
     19000    0.28199    0.28900    0.53190    0.52261    2.98996    2.30862
     19250    0.30341    0.29100    0.52770    0.51957    3.01368    2.31870
     19500    0.29677    0.30400    0.52284    0.51608    3.04669    2.27601
     19750    0.29028    0.29000    0.52841    0.52008    3.03695    2.33665
     20000    0.25812    0.30900    0.53189    0.52260    3.02942    2.29780
     20250    0.24995    0.29600    0.53041    0.52153    3.02505    2.30792
     20500    0.29881    0.29600    0.52494    0.51759    2.78040    2.25780
     20750    0.28935    0.30900    0.52793    0.51974    3.02191    2.33813
     21000    0.30821    0.31500    0.52779    0.51964    2.98192    2.27992
     21250    0.26592    0.32100    0.52539    0.51792    2.90467    2.31789
     21500    0.28042    0.30900    0.53236    0.52294    2.77818    2.26648
     21750    0.25187    0.32600    0.53835    0.52730    3.29110    2.38241
     22000    0.32463    0.27200    0.53667    0.52608    3.11000    2.38794
     22250    0.28866    0.29400    0.53339    0.52369    2.82181    2.30229
     22500    0.30748    0.28700    0.52550    0.51799    3.03299    2.31308
     22750    0.32752    0.28600    0.52351    0.51657    2.79991    2.27353
     23000    0.28258    0.29900    0.53018    0.52137    2.98240    2.30274
     23250    0.27640    0.31300    0.53074    0.52177    3.04397    2.32285
     23500    0.24578    0.35300    0.54235    0.53023    3.16190    2.39672
     23750    0.24283    0.32600    0.53253    0.52306    3.44915    2.42798
     24000    0.32255    0.27600    0.53331    0.52363    3.19216    2.39769
     24250    0.28111    0.26700    0.53944    0.52810    3.28227    2.41591
     24500    0.24499    0.32700    0.52731    0.51930    2.94469    2.32273
     24750    0.26096    0.31800    0.52730    0.51928    3.04670    2.31923
     25000    0.28077    0.29400    0.53656    0.52600    3.19782    2.37373
     25250    0.27189    0.33100    0.52912    0.52060    2.97185    2.35496
     25500    0.26594    0.31900    0.52997    0.52121    3.10114    2.40445
     25750    0.31475    0.27800    0.53245    0.52300    2.98338    2.31405
     26000    0.27156    0.30600    0.53255    0.52308    3.14655    2.36054
     26250    0.26562    0.30400    0.53742    0.52662    3.02399    2.29582
     26500    0.28868    0.31300    0.52601    0.51836    2.90438    2.28515
     26750    0.25670    0.34800    0.52855    0.52019    2.98318    2.34495
     27000    0.27343    0.28100    0.52879    0.52036    2.97141    2.28163
     27250    0.24070    0.34900    0.53123    0.52213    2.94527    2.33465
     27500    0.25898    0.36500    0.52260    0.51591    2.79265    2.23913
     27750    0.28146    0.30600    0.51962    0.51378    2.78526    2.22052
     28000    0.26983    0.30800    0.52449    0.51727    2.99721    2.30468
     28250    0.26128    0.29300    0.54019    0.52865    3.38380    2.45146
     28500    0.25301    0.32000    0.53866    0.52753    3.20535    2.40086
     28750    0.29645    0.27000    0.52732    0.51930    2.93810    2.27011
     29000    0.26097    0.34000    0.52879    0.52036    2.84990    2.29637
     29250    0.27520    0.31600    0.52968    0.52100    3.10887    2.33426
     29500    0.29909    0.27100    0.53181    0.52255    3.02003    2.35805
     29750    0.29255    0.30700    0.53103    0.52198    3.18374    2.32750
     30000    0.25496    0.32900    0.53304    0.52343    3.20825    2.38214
     30250    0.27158    0.28000    0.52797    0.51977    2.81662    2.26334
     30500    0.26298    0.30300    0.53571    0.52538    3.04740    2.32635
     30750    0.28295    0.27600    0.53237    0.52295    3.31240    2.39864
     31000    0.27400    0.30600    0.53869    0.52755    3.23790    2.37034
     31250    0.26800    0.30100    0.53488    0.52477    3.06420    2.37378
     31500    0.25692    0.33500    0.53393    0.52408    3.07737    2.34014
     31750    0.27643    0.29600    0.52978    0.52108    3.09348    2.30818
     32000    0.26501    0.34700    0.52382    0.51679    2.82720    2.24598
     32250    0.25151    0.35500    0.52696    0.51904    2.88145    2.28863
     32500    0.29767    0.26900    0.52694    0.51903    3.29686    2.35319
     32750    0.32028    0.25300    0.52692    0.51901    2.92256    2.34524
     33000    0.30704    0.26500    0.53353    0.52379    3.12720    2.35372
     33250    0.30032    0.27700    0.53476    0.52468    3.21402    2.34130
     33500    0.26173    0.33900    0.53371    0.52392    3.06826    2.33724
     33750    0.30977    0.28900    0.52809    0.51985    2.82840    2.27911
     34000    0.29696    0.29400    0.53589    0.52551    3.18979    2.35974
     34250    0.32274    0.28700    0.52776    0.51961    3.00292    2.30758
     34500    0.28127    0.29800    0.53599    0.52558    3.29276    2.40603
     34750    0.27237    0.29200    0.53600    0.52559    3.06118    2.36676
     35000    0.29305    0.27700    0.53713    0.52641    3.38335    2.45522
     35250    0.25798    0.33500    0.53460    0.52457    3.05143    2.35867
     35500    0.27479    0.29500    0.52940    0.52080    2.99446    2.31324
     35750    0.28978    0.28500    0.52493    0.51758    2.92117    2.28986
     36000    0.28344    0.29300    0.52565    0.51810    3.00836    2.29281
     36250    0.30804    0.28700    0.52717    0.51919    3.08550    2.36915
     36500    0.26578    0.33600    0.52996    0.52120    3.16289    2.37267
     36750    0.28027    0.29100    0.53091    0.52189    2.82597    2.27395
     37000    0.29854    0.26300    0.53682    0.52618    3.16558    2.34875
     37250    0.26546    0.32000    0.54294    0.53067    3.25864    2.36120
     37500    0.28276    0.29600    0.52637    0.51862    3.00765    2.33379
     37750    0.27937    0.28700    0.53304    0.52343    2.93649    2.26980
     38000    0.29758    0.27000    0.54064    0.52898    3.12693    2.30848
     38250    0.26196    0.32900    0.52525    0.51781    2.82421    2.30580
     38500    0.25623    0.30200    0.52845    0.52011    3.02706    2.32110
     38750    0.27294    0.31200    0.52979    0.52108    2.71865    2.27844
     39000    0.26430    0.30700    0.53124    0.52213    2.99257    2.32674
     39250    0.28152    0.30300    0.53116    0.52207    2.99985    2.28788
     39500    0.26988    0.34200    0.53378    0.52397    2.90708    2.32217
     39750    0.31942    0.28900    0.53154    0.52234    3.06498    2.33899
     40000    0.30931    0.29200    0.52261    0.51592    3.07480    2.32591
     40250    0.27229    0.30500    0.53508    0.52492    3.00018    2.34328
     40500    0.26902    0.30600    0.52764    0.51953    2.88167    2.30141
     40750    0.26579    0.31600    0.53530    0.52508    3.24292    2.39662
     41000    0.28598    0.32500    0.52931    0.52073    2.93493    2.30844
     41250    0.22657    0.35000    0.53263    0.52314    2.95846    2.30757
     41500    0.29497    0.32000    0.53359    0.52383    2.97432    2.33715
     41750    0.28852    0.29800    0.52662    0.51879    3.07995    2.33010
     42000    0.30733    0.28900    0.52215    0.51559    2.97819    2.27697
     42250    0.25094    0.32800    0.53064    0.52170    2.97742    2.31496
     42500    0.24545    0.34300    0.52793    0.51974    3.02935    2.30117
     42750    0.29050    0.28500    0.52695    0.51904    2.71175    2.24833
     43000    0.28131    0.29100    0.52753    0.51945    3.03080    2.33488
     43250    0.33294    0.27100    0.52638    0.51862    2.82487    2.25927
     43500    0.29309    0.31800    0.51596    0.51119    2.66081    2.21604
     43750    0.30907    0.28300    0.52239    0.51576    2.95391    2.30201
     44000    0.29929    0.28100    0.53105    0.52199    3.15082    2.37726
     44250    0.28981    0.31400    0.52055    0.51445    3.04806    2.32970
     44500    0.25513    0.33300    0.53093    0.52191    3.15997    2.35314
     44750    0.30808    0.32600    0.52455    0.51731    2.95851    2.32868
     45000    0.29833    0.28700    0.53351    0.52378    3.00779    2.36414
     45250    0.28599    0.28700    0.52476    0.51746    2.98525    2.32624
     45500    0.30159    0.29400    0.52308    0.51626    2.91314    2.29988
     45750    0.26284    0.34200    0.53194    0.52263    2.85311    2.27445
     46000    0.27717    0.29000    0.53189    0.52260    2.99189    2.33739
     46250    0.24156    0.34800    0.53124    0.52213    3.09677    2.35202
     46500    0.28878    0.28400    0.52613    0.51845    2.91628    2.27859
     46750    0.27684    0.29500    0.53253    0.52307    3.08563    2.31598
     47000    0.29786    0.29000    0.52526    0.51782    3.20931    2.38107
     47250    0.26486    0.32400    0.53277    0.52324    3.14728    2.37639
     47500    0.31034    0.26800    0.53230    0.52290    3.25449    2.36180
     47750    0.26776    0.30500    0.52965    0.52098    3.23188    2.40123
     48000    0.26455    0.29400    0.52950    0.52087    3.13743    2.39962
     48250    0.25876    0.34200    0.53066    0.52171    2.90909    2.29991
     48500    0.27287    0.32600    0.52481    0.51750    2.94224    2.28276
     48750    0.29359    0.30100    0.53234    0.52293    3.31233    2.36774
     49000    0.28430    0.27600    0.53096    0.52193    2.84463    2.31917
     49250    0.27530    0.28900    0.52999    0.52123    2.83167    2.26343
     49500    0.32911    0.24800    0.54034    0.52876    3.32739    2.38461
     49750    0.25814    0.33100    0.53289    0.52332    2.87167    2.29470
     50000    0.30247    0.30400    0.52266    0.51596    2.82518    2.25303

This session did 50000 iterations in 798 seconds.
