Model Name:	MNL	
Number of individuals:	1138	
Number of observations:	10242	
Number of preliminary iterations:	30000	
Number of draws used per individual:	20000	
Random Seed:	532327	
Total iterations:	50000	
Number of parameters:	3	
Fixed parameters estimated: 
ASC1 
BTime 
BCost 
Estimated:	Sat Apr 06 12:39:15 PM 2013	
----------------------------------------------------------- 

Iteration Log-Likelihood RLH 	
0	-7099	0.5
250	-6453	0.5345
500	-6290	0.5446
750	-6273	0.5469
1000	-6266	0.5472
1250	-6264	0.547
1500	-6263	0.5471
1750	-6263	0.5471
2000	-6264	0.5471
2250	-6267	0.5472
2500	-6264	0.5469
2750	-6263	0.5471
3000	-6264	0.5471
3250	-6263	0.5471
3500	-6263	0.5471
3750	-6265	0.5475
4000	-6263	0.5472
4250	-6263	0.5473
4500	-6263	0.5472
4750	-6263	0.5473
5000	-6263	0.547
5250	-6265	0.5472
5500	-6265	0.5473
5750	-6264	0.5473
6000	-6264	0.5473
6250	-6263	0.5473
6500	-6263	0.5472
6750	-6263	0.5472
7000	-6263	0.5474
7250	-6266	0.5476
7500	-6266	0.5473
7750	-6263	0.547
8000	-6264	0.5475
8250	-6264	0.547
8500	-6264	0.5469
8750	-6266	0.547
9000	-6264	0.5468
9250	-6264	0.5469