Model Name:	Model2	
Number of individuals:	1000	
Number of observations:	10000	
Number of preliminary iterations:	25000	
Number of draws used per individual:	25000	
Random Seed:	1987	
Total iterations:	50000	
Prior Variance:	2	
Degrees of Freedom:	5	
Number of parameters:	16	
Fixed parameters estimated: 
lambda 
gamma1 
gamma2 
sigma1 
sigma2 
zeta1 
zeta2 
tau 
Random Parameters estimated (Distribution): 
price ( N ) 
brand2 ( N ) 
brand3 ( N ) 
ff2 ( N ) 
ff3 ( N ) 
feat2 ( N ) 
feat3 ( N ) 
LV_disturbance ( N ) 


Estimated:	Mon Jun 09 1:02:12 PM 2014	
----------------------------------------------------------- 

Iteration Log-Likelihood RLH Parameter RMS Avg. Variance Acceptance Rate (Normal) Acceptance Rate (Fixed) 	
0	-15713.89	0.2157922	0	0	0	0
500	-9552.002	0.3983045	1.129997	1.212762	0.307	0.41
1000	-9456.644	0.4034565	1.223095	1.396189	0.31	0.33
1500	-9189.281	0.4133127	1.211726	1.360948	0.318	0.43
2000	-9190.254	0.4133881	1.244099	1.42099	0.313	0.32
2500	-9118.658	0.4168099	1.312767	1.55151	0.321	0.29
3000	-9117.376	0.4184353	1.297733	1.521288	0.316	0.27
3500	-9251.068	0.4120148	1.269311	1.436619	0.335	0.34
4000	-9234.647	0.4120613	1.243294	1.426277	0.27	0.27
4500	-9170.791	0.415413	1.270472	1.494438	0.305	0.3
5000	-9164.545	0.4145744	1.286578	1.528049	0.275	0.43
5500	-9166.737	0.4148337	1.261091	1.435562	0.292	0.29
6000	-9224.832	0.4133444	1.259658	1.486512	0.318	0.34
6500	-9294.526	0.4104585	1.305768	1.521978	0.286	0.31
7000	-9134.519	0.4154423	1.292343	1.529836	0.301	0.37
7500	-9319.13	0.4096485	1.261247	1.472521	0.339	0.32
8000	-9248.275	0.4111308	1.247648	1.435429	0.312	0.38
8500	-9227.408	0.4120921	1.317014	1.596218	0.272	0.3
9000	-9172.182	0.4150938	1.296385	1.546914	0.311	0.35
9500	-9216.112	0.4122446	1.276523	1.48644	0.312	0.34
10000	-9064.889	0.4196309	1.294356	1.544999	0.334	0.34
10500	-9258.459	0.4111933	1.241727	1.417887	0.283	0.35
11000	-9209.71	0.4128458	1.290152	1.535638	0.29	0.34
11500	-9212.415	0.4133043	1.268942	1.4524	0.294	0.3
12000	-9234.159	0.4116832	1.25554	1.452491	0.293	0.31
12500	-9206.657	0.4133757	1.321169	1.598349	0.305	0.36
13000	-9259.169	0.4115257	1.318526	1.582012	0.278	0.25
13500	-9183.127	0.4140278	1.245252	1.443761	0.341	0.31
14000	-9122.219	0.4164448	1.288477	1.522811	0.299	0.36
14500	-9175.767	0.4140652	1.271054	1.493986	0.305	0.21
15000	-9367.843	0.4064217	1.271069	1.461114	0.309	0.23
15500	-9264.665	0.411965	1.293357	1.520495	0.304	0.3
16000	-9281.836	0.4100064	1.236633	1.387483	0.278	0.25
16500	-9238.2	0.4117613	1.242331	1.41966	0.299	0.29
17000	-9368.469	0.4057717	1.218263	1.342593	0.311	0.34
17500	-9211.814	0.4137303	1.296394	1.523655	0.306	0.33
18000	-9135.337	0.416523	1.268319	1.481082	0.288	0.3
18500	-9155.751	0.4142076	1.280019	1.519405	0.31	0.33
19000	-9329.612	0.4074102	1.229649	1.371656	0.302	0.27
19500	-9198.834	0.4138154	1.260679	1.451701	0.324	0.3
20000	-9215.975	0.4135982	1.262808	1.45328	0.334	0.41
20500	-9299.75	0.4096927	1.285348	1.502883	0.28	0.3
21000	-9093.639	0.4175179	1.327678	1.569951	0.291	0.4
21500	-9163.391	0.4149159	1.276708	1.49441	0.257	0.35
22000	-9118.816	0.4170146	1.263907	1.485945	0.337	0.28
22500	-9296.413	0.4091451	1.248036	1.42846	0.264	0.35
23000	-9143.437	0.4144997	1.257992	1.459545	0.256	0.33
23500	-9052.834	0.4203124	1.29402	1.553385	0.326	0.35
24000	-9075.235	0.4197921	1.255411	1.44214	0.287	0.27
24500	-9021.496	0.4211966	1.30108	1.568496	0.324	0.28
25000	-9192.888	0.4135563	1.255887	1.443351	0.326	0.27
25500	-9124.519	0.4169907	1.31026	1.576162	0.295	0.27
26000	-9246.031	0.4113633	1.265406	1.472144	0.315	0.43
26500	-9160.579	0.4148766	1.242262	1.431714	0.293	0.32
27000	-9287.024	0.4101445	1.253582	1.438292	0.278	0.36
27500	-9222.1	0.412768	1.278382	1.505309	0.331	0.3
28000	-9211.796	0.4124688	1.262703	1.487616	0.306	0.25
28500	-9222.593	0.4125767	1.296641	1.556572	0.319	0.38
29000	-9255.806	0.4105264	1.270035	1.475167	0.262	0.21
29500	-9300.043	0.4094434	1.274913	1.520449	0.276	0.22
30000	-9255.659	0.4112293	1.266085	1.456761	0.27	0.37
30500	-9233.47	0.4123498	1.266311	1.490198	0.298	0.36
31000	-9273.054	0.4098102	1.241639	1.401478	0.317	0.25
31500	-9067.165	0.4187078	1.291382	1.531886	0.303	0.3
32000	-9267.439	0.4107866	1.283995	1.490709	0.306	0.26
32500	-9263.583	0.4109545	1.312789	1.585074	0.31	0.32
33000	-9259.597	0.4112682	1.2836	1.509455	0.304	0.34
33500	-9095.004	0.4178821	1.263826	1.471692	0.274	0.27
34000	-9388.33	0.4056195	1.213415	1.348352	0.315	0.25
34500	-9257.031	0.4103284	1.237405	1.426851	0.296	0.3
35000	-9043.094	0.4199129	1.293889	1.549163	0.297	0.31
35500	-9205.619	0.4131282	1.24189	1.40491	0.296	0.23
36000	-9193.953	0.4137515	1.212327	1.32578	0.316	0.3
36500	-9156.501	0.4146699	1.24598	1.424013	0.293	0.42
37000	-9177.161	0.4150051	1.278187	1.510088	0.254	0.42
37500	-9075.182	0.4184915	1.233085	1.384245	0.314	0.3
38000	-9115.802	0.4175289	1.22084	1.38743	0.301	0.23
38500	-9136.056	0.4163704	1.253331	1.431606	0.328	0.36
39000	-9071.414	0.418843	1.29273	1.531355	0.314	0.28
39500	-9206.049	0.4139567	1.297819	1.556407	0.249	0.28
40000	-9091.263	0.417006	1.288124	1.527042	0.319	0.42
40500	-9153.199	0.414748	1.279035	1.504748	0.307	0.33
41000	-9251.91	0.4113187	1.244468	1.42592	0.341	0.33
41500	-9251.41	0.4109681	1.271869	1.489117	0.347	0.3
42000	-9222.687	0.4114872	1.260046	1.448047	0.264	0.32
42500	-9094.111	0.418239	1.322219	1.571619	0.284	0.2
43000	-9100.851	0.4178224	1.271874	1.478952	0.29	0.29
43500	-9483.181	0.4026767	1.227856	1.375861	0.295	0.41
44000	-9111.114	0.4170001	1.234103	1.403124	0.284	0.18
44500	-9199.617	0.4139612	1.269804	1.475604	0.29	0.25
45000	-9321.784	0.4087628	1.22093	1.379021	0.284	0.3
45500	-9203.69	0.4136607	1.281641	1.472277	0.312	0.15
46000	-9170.058	0.4141527	1.258567	1.438088	0.31	0.32
46500	-9125.485	0.4158059	1.268036	1.494259	0.347	0.23
47000	-9117.145	0.4161402	1.264298	1.453006	0.278	0.33
47500	-9297.287	0.4093052	1.202535	1.35638	0.262	0.34
48000	-9201.813	0.4135549	1.211054	1.354045	0.323	0.35
48500	-9262.576	0.4104777	1.251543	1.432161	0.303	0.24
49000	-9120.52	0.4171177	1.302942	1.557927	0.277	0.32
49500	-9297.364	0.4092741	1.204494	1.339767	0.333	0.26
50000	-9285.707	0.4088807	1.226013	1.384293	0.308	0.26