Model Name:	MNL	
Number of individuals:	1138	
Number of observations:	10242	
Number of preliminary iterations:	30000	
Number of draws used per individual:	20000	
Random Seed:	903462	
Total iterations:	50000	
Prior Variance:	2	
Degrees of Freedom:	5	
Number of parameters:	3	
Random Parameters estimated (Distribution): 
ASC1 ( N ) 
BTime ( N ) 
BCost ( N ) 
Estimated:	Wed Apr 03 7:47:47 PM 2013	
----------------------------------------------------------- 

Iteration Log-Likelihood RLH Parameter RMS Avg. Variance 	
0	-7099.213	0.5	0	0
250	-4108.879	0.6933791	0.3830635	0.154536
500	-4048.88	0.6974384	0.5544681	0.3871106
750	-4054.063	0.6967429	0.6564737	0.5898529
1000	-4004.755	0.6994093	0.7090003	0.6585864
1250	-4013.296	0.699552	0.8811145	1.026824
1500	-4037.028	0.6983722	0.8997359	1.027127
1750	-4033.486	0.6985786	0.9823274	1.19183
2000	-4003.917	0.7005188	0.8473432	0.9266863
2250	-3988.269	0.7005487	0.8410787	0.9199674
2500	-4049.034	0.6971307	0.9092701	1.083531
2750	-4039.692	0.6979639	0.9481469	1.212273
3000	-4026.089	0.6987039	0.8962906	1.116425
3250	-4064.174	0.6964427	0.7739883	0.8120897
3500	-4070.379	0.6962215	0.764989	0.7933316
3750	-4032.405	0.6982019	0.8422072	0.9379813
4000	-4047.783	0.6973346	0.8087159	0.8688143
4250	-4031.925	0.6990762	0.8399317	0.9381542
4500	-4000.05	0.7007862	0.8718254	1.008216
4750	-3993.125	0.7006081	0.8321918	0.8812244
5000	-4010.88	0.6998637	0.8697093	0.9847563
5250	-4055.13	0.6974152	0.8355977	0.9234996
5500	-4064.992	0.6961918	0.8146162	0.8579118
5750	-4002.266	0.700624	0.8150269	0.8920726
6000	-4018.017	0.6994781	0.8842769	1.089703
6250	-3975.487	0.7021186	0.9037703	1.090022
6500	-4023.007	0.699918	0.9015371	1.111253
6750	-3992.59	0.7003902	0.8888196	1.089028
7000	-4019.339	0.699851	0.8865591	1.061263
7250	-3982.823	0.7019944	0.9455385	1.231805
7500	-4033.12	0.6983514	0.925443	1.145206
7750	-3973.567	0.7023675	0.9266323	1.148362
8000	-3979.669	0.7022171	0.9242659	1.165519
8250	-4004.608	0.7000782	0.9167968	1.126087
8500	-4014.706	0.6997823	0.8865142	1.031271
8750	-4010.17	0.6998058	0.8223608	0.8528438
9000	-4055.563	0.6970908	0.8328458	0.9307531
9250	-4039.077	0.6986186	0.8725208	1.042785
9500	-4052.624	0.6970951	0.790663	0.8445682
9750	-4044.514	0.6971115	0.8712053	1.001856
10000	-4001.95	0.6998096	0.8503123	1.009701
10250	-4014.431	0.6998616	0.8539127	1.019852
10500	-4017.325	0.6997556	0.9189218	1.172736
10750	-3977.254	0.7017965	0.9214335	1.15991
11000	-4016.023	0.6994269	0.9359724	1.223355
11250	-4006.932	0.7001656	0.8478341	1.024094
11500	-4038.095	0.6987025	0.8440601	1.013572
11750	-4024.941	0.6988544	0.8487548	1.016972
12000	-4008.76	0.701016	0.7883846	0.8886289
12250	-4046.685	0.6973906	0.796159	0.8891277
12500	-4053.802	0.6977005	0.8429146	0.9934449
12750	-4040.984	0.6984578	0.7875073	0.8500504
13000	-4062.325	0.6968687	0.8118705	0.8850861
13250	-4034.296	0.6980256	0.7871425	0.8085453
13500	-4064.212	0.6965322	0.7706051	0.7942628
13750	-4059.6	0.6953396	0.7283757	0.7475401
14000	-4030.407	0.6985005	0.7548865	0.8058417
14250	-4049.588	0.6965615	0.7015136	0.681724
14500	-4044.373	0.697965	0.7138627	0.6933635
14750	-4022.046	0.6993967	0.771443	0.8133592
15000	-4015.259	0.6990336	0.7707309	0.8248063
15250	-4009.415	0.6997563	0.8614371	1.028118
15500	-4012.907	0.6993074	0.8440029	0.9677475
15750	-4020.621	0.6992416	0.9015144	1.107459
16000	-4014.866	0.6989058	0.8771667	1.044828
16250	-4049.961	0.6973563	0.9038058	1.109677
16500	-4027.936	0.6988111	0.8961609	1.052783
16750	-4011.104	0.6994967	0.8748976	1.031479
17000	-4038.147	0.6981983	0.8659456	0.9935115
17250	-4035.574	0.6980012	0.8140288	0.8886687
17500	-4027.228	0.698124	0.8999421	1.092763
17750	-3976.88	0.7015135	0.8168857	0.89634
18000	-4060.768	0.6973884	0.8385564	0.9406589
18250	-4068.587	0.6964419	0.7581685	0.7962208
18500	-4029.3	0.6986559	0.7902804	0.8579173
18750	-4045.223	0.6979417	0.8404378	0.987084
19000	-4013.343	0.6992491	0.7850583	0.8618933
19250	-4001.612	0.7002996	0.8152329	0.9316988
19500	-4094.445	0.6948305	0.7268307	0.7306242
19750	-4053.325	0.6967189	0.7741767	0.7819896
20000	-4011.986	0.6994048	0.8246566	0.8786447
20250	-3999.732	0.7002254	0.8288714	0.91191
20500	-4002.441	0.7005297	0.8142383	0.86349
20750	-4039.409	0.698618	0.8712123	1.02535
21000	-4052.26	0.6966826	0.8279775	0.9201374
21250	-4080.107	0.6953776	0.8331088	0.9245974
21500	-4054.205	0.6972427	0.7653831	0.789741
21750	-4077.554	0.6956881	0.758065	0.7759987
22000	-4049.93	0.6972321	0.7541946	0.7647538
22250	-4053.879	0.6963264	0.7373393	0.7413446
22500	-4056.683	0.698551	0.762759	0.8002792
22750	-4021.679	0.6992779	0.7383753	0.7288246
23000	-4037.217	0.6981254	0.7257938	0.7296311
23250	-4044.102	0.6975258	0.6977082	0.6432222
23500	-4016.293	0.6990498	0.7834537	0.8393754
23750	-4020.015	0.6994981	0.8644389	1.01322
24000	-4033.522	0.699493	0.8315384	0.9119874
24250	-4053.144	0.6975214	0.7974951	0.8659395
24500	-4047.28	0.6977216	0.7879016	0.8418003
24750	-4038.467	0.6981118	0.7576531	0.7888601
25000	-3995.131	0.7007352	0.8511749	0.992824
25250	-4004.883	0.7001308	0.8014843	0.8576649
25500	-4029.6	0.6987867	0.9001886	1.067159
25750	-4021.01	0.700247	0.8141792	0.8917701
26000	-4025.826	0.6982676	0.8269533	0.9197277
26250	-4012.868	0.699981	0.7151802	0.6750541
26500	-4028.083	0.6982626	0.723805	0.6806484
26750	-4008.053	0.6999695	0.743926	0.7238315
27000	-4048.56	0.6970511	0.7684256	0.8074931
27250	-4020.169	0.6996562	0.7633879	0.8062544
27500	-4039.018	0.697729	0.7443611	0.720141
27750	-3982.076	0.7014165	0.7684163	0.7754297
28000	-4031.297	0.6979046	0.7334486	0.7411619
28250	-3996.261	0.7007943	0.7536002	0.7978949
28500	-4050.959	0.6974242	0.7642296	0.8198818
28750	-4051.357	0.6986136	0.7535102	0.800026
29000	-4033.797	0.6987685	0.8133434	0.9332325
29250	-4038.005	0.6976844	0.763211	0.8145673
29500	-4015.468	0.7002843	0.9071318	1.146027
29750	-4065.726	0.6966162	0.8656872	0.9974883
30000	-4058.533	0.6968678	0.831163	0.9306794
30250	-4014.382	0.6993813	0.8451629	0.9709462
30500	-3963.916	0.7019825	0.8958584	1.039385
30750	-4009.023	0.6993921	0.826902	0.935392
31000	-4023.443	0.6999334	0.8550482	0.9670058
31250	-4042.965	0.6984851	0.8853091	1.079523
31500	-4014.885	0.6995019	0.920858	1.12547
31750	-4052.623	0.6968117	0.9274035	1.14254
32000	-4000.657	0.7002083	0.7924478	0.8120121
32250	-4071.697	0.6962301	0.8140836	0.898813
32500	-4055.874	0.6971616	0.8307638	0.9492766
32750	-4025.698	0.698939	0.7518213	0.773741
33000	-4035.743	0.6981324	0.7411372	0.7310653
33250	-4036.167	0.6979522	0.7135914	0.6641501
33500	-4067.807	0.6958205	0.7891531	0.8307661
33750	-3988.238	0.7022251	0.8222403	0.8567703
34000	-4051.683	0.6967287	0.8472925	0.9418811
34250	-4033.412	0.6983894	0.8808205	1.008372
34500	-4068.168	0.6959823	0.8065592	0.823588
34750	-4032.907	0.6990655	0.8305297	0.9117251
35000	-4046.714	0.6973132	0.8961214	1.071315
35250	-4049.45	0.6981808	0.80773	0.8896833
35500	-4047.401	0.6973855	0.8343859	0.9221841
35750	-4034.191	0.6982983	0.8198715	0.9110838
36000	-4050.046	0.6974423	0.8128024	0.9131687
36250	-4039.254	0.6982348	0.81827	0.8931512
36500	-4028.498	0.6990345	0.8401786	0.9529565
36750	-3959.846	0.7033755	0.8421556	0.9176164
37000	-4097.822	0.6946314	0.8040124	0.8835152
37250	-4058.133	0.6972031	0.7965768	0.881975
37500	-4041.42	0.6982651	0.7732149	0.8273123
37750	-4003.171	0.699759	0.7589741	0.7956115
38000	-4034.579	0.6979683	0.7471411	0.7476824
38250	-4082.983	0.6950062	0.763905	0.7847357
38500	-4034.443	0.6980688	0.8528609	0.9604244
38750	-4005.795	0.7002325	0.9049806	1.027345
39000	-4072.3	0.6963606	0.9029165	1.06286
39250	-3996.862	0.7001096	0.8546271	0.9755108
39500	-4020.651	0.6990012	0.8414164	0.9404332
39750	-4078.443	0.6952981	0.8118947	0.8932498
40000	-4044.118	0.6975796	0.8053954	0.8628754
40250	-4059.443	0.6963755	0.8469411	0.9490979
40500	-4049.433	0.697101	0.7590747	0.7700048
40750	-4060.578	0.6965408	0.822176	0.8888483
41000	-4024.076	0.699413	0.8752709	1.027317
41250	-4060.437	0.6967839	0.8401504	0.9690208
41500	-4010.822	0.6999755	0.8936003	1.082712
41750	-4025.651	0.6993532	0.8626746	1.038649
42000	-3999.359	0.7009486	0.8035639	0.9109525
42250	-4018.707	0.6985848	0.8006734	0.8742275
42500	-4014.947	0.6996527	0.7813398	0.8238371
42750	-4000.349	0.7008329	0.7773533	0.8268375
43000	-4011.545	0.6999071	0.8792984	1.050651
43250	-4039.508	0.6972048	0.7573945	0.7621143
43500	-4014.097	0.6995457	0.8293699	0.9537033
43750	-4015.153	0.6991784	0.8187361	0.9163528
44000	-4032.95	0.6988182	0.7958415	0.8631735
44250	-4000.309	0.7004537	0.823555	0.9265713
44500	-4031.857	0.6989638	0.832786	0.9613011
44750	-4033.527	0.6983171	0.7524136	0.7721285
45000	-4003.634	0.7002386	0.8635741	0.9508195
45250	-3994.371	0.7008741	0.8721904	0.9979435
45500	-4011.758	0.6995047	0.8322096	0.9233234
45750	-4018.717	0.6989056	0.8350244	0.9615344
46000	-4018.5	0.698275	0.8000935	0.8772543
46250	-4019.927	0.6997128	0.7735935	0.8261018
46500	-4021.823	0.6991197	0.782592	0.8483468
46750	-4090.091	0.6961957	0.7987371	0.8643326
47000	-4091.141	0.6947029	0.8482889	0.9780924
47250	-4035.581	0.6989112	0.7824932	0.8215218
47500	-4041.899	0.6984907	0.7645562	0.7785805
47750	-4063.762	0.6970372	0.7146801	0.689752
48000	-4042.673	0.6975111	0.6954835	0.6717576
48250	-4153.473	0.6891112	0.6195322	0.5276748
48500	-4050.807	0.6981556	0.7291869	0.7303777
48750	-4071.105	0.6957858	0.7320238	0.7281255
49000	-4056.202	0.6964356	0.7387648	0.7283541
49250	-4025.334	0.6986812	0.7771314	0.7741075
49500	-4057.882	0.6965098	0.7355238	0.7052339
49750	-4026.596	0.6993012	0.7418124	0.7221614
50000	-4033.754	0.6979026	0.7522658	0.7735307