Model Name:	MNL_withLogNormals	
Number of individuals:	5000	
Number of observations:	20000	
Number of preliminary iterations:	10000	
Number of draws used per individual:	10000	
Random Seed:	1987	
Total iterations:	20000	
Degrees of Freedom:	5	
Number of parameters:	2	


Random parameters estimated (Distribution): 
Bx ( LN+ )
By ( LN- )


Prior Variance-Covariance Matrix:
   Bx By
Bx  2  0
By  0  2

Estimated:	6.08 mins	
----------------------------------------------------------- 
 Iteration Log-Likelihood       RLH Parameter RMS Avg. Variance Acceptance Rate (Fixed) Acceptance Rate (Normal)
         1     -19059.056 0.3868735    0.06082466    0.00681093                       0                   0.9010
       250      -6063.081 0.7717588    1.66344524    3.45062914                       0                   0.2920
       500      -5665.826 0.7877511    2.44152628    7.49359696                       0                   0.2978
       750      -5565.548 0.7909099    2.86056711    9.98744741                       0                   0.3078
      1000      -5557.503 0.7917556    3.20256301   12.26915001                       0                   0.3106
      1250      -5542.264 0.7919054    3.13701933   11.99211408                       0                   0.3222
      1500      -5353.508 0.7995306    3.68826796   16.57614014                       0                   0.3020
      1750      -5482.874 0.7957659    3.39730733   14.20381774                       0                   0.2826
      2000      -5513.557 0.7939316    3.17909084   12.48425722                       0                   0.2928
      2250      -5505.111 0.7940970    3.22390368   12.68438837                       0                   0.3270
      2500      -5440.462 0.7963310    3.50671243   15.03603211                       0                   0.2962
      2750      -5478.222 0.7957231    3.00956833   11.37041101                       0                   0.2972
      3000      -5457.132 0.7960300    3.60117565   15.58971611                       0                   0.3048
      3250      -5527.095 0.7934486    3.42716639   14.17857697                       0                   0.3086
      3500      -5581.585 0.7911192    3.04037005   11.37349228                       0                   0.3190
      3750      -5574.570 0.7914535    3.13457406   11.95430453                       0                   0.2904
      4000      -5399.864 0.7970168    3.26444152   13.21517743                       0                   0.3000
      4250      -5626.423 0.7891157    2.73184129    9.28282301                       0                   0.3022
      4500      -5688.519 0.7891316    2.82907282    9.84896228                       0                   0.3108
      4750      -5518.578 0.7930516    3.60075504   15.41212429                       0                   0.2988
      5000      -5478.564 0.7951253    3.15059766   12.06984410                       0                   0.2750
      5250      -5565.970 0.7919778    2.87904137   10.24420255                       0                   0.3136
      5500      -5596.715 0.7905527    2.75552761    9.34402465                       0                   0.3200
      5750      -5482.073 0.7945498    3.14504953   11.94790681                       0                   0.2990
      6000      -5492.081 0.7945808    3.55725356   15.15115647                       0                   0.2916
      6250      -5404.521 0.7972228    3.14981525   12.14566910                       0                   0.2942
      6500      -5614.736 0.7896722    3.15360982   12.01409085                       0                   0.2982
      6750      -5502.204 0.7948920    3.49255884   14.82113304                       0                   0.3022
      7000      -5502.885 0.7942781    3.21388935   12.67622156                       0                   0.2910
      7250      -5467.279 0.7959749    3.17966095   12.44104311                       0                   0.2864
      7500      -5614.076 0.7904476    2.82054224   10.05985818                       0                   0.3030
      7750      -5408.843 0.7972164    3.41234609   14.58031375                       0                   0.2796
      8000      -5550.519 0.7922540    3.12735613   12.10719037                       0                   0.3084
      8250      -5405.073 0.7981644    3.03915700   11.72344709                       0                   0.2896
      8500      -5566.382 0.7928817    3.09704432   11.47944503                       0                   0.2930
      8750      -5562.528 0.7921271    2.96489777   10.69800550                       0                   0.2882
      9000      -5462.459 0.7957195    3.02591779   11.54002240                       0                   0.2938
      9250      -5439.451 0.7962046    3.30279047   13.38886327                       0                   0.3058
      9500      -5453.621 0.7966916    3.64898462   16.22798860                       0                   0.2956
      9750      -5549.441 0.7922328    3.25656706   12.95439197                       0                   0.3362
     10000      -5562.429 0.7928592    3.11375814   11.86849826                       0                   0.3042
     10250      -5566.111 0.7924179    3.16869890   11.94578944                       0                   0.3072
     10500      -5525.687 0.7923569    3.13392418   11.72349395                       0                   0.3120
     10750      -5490.245 0.7947293    3.09667189   11.58777118                       0                   0.3310
     11000      -5433.067 0.7977366    3.38115193   14.03927924                       0                   0.2926
     11250      -5581.351 0.7909312    3.05665242   11.51424435                       0                   0.3348
     11500      -5525.049 0.7932063    3.39210222   13.74419023                       0                   0.2926
     11750      -5502.941 0.7945885    3.13883635   12.16364982                       0                   0.3194
     12000      -5528.406 0.7934305    3.50946072   15.20466321                       0                   0.3184
     12250      -5449.413 0.7957597    3.16281395   12.15359610                       0                   0.2716
     12500      -5553.201 0.7912926    3.02142329   11.22164415                       0                   0.3008
     12750      -5513.504 0.7942098    3.22914695   12.59680705                       0                   0.3104
     13000      -5484.743 0.7950158    3.35041315   13.51163046                       0                   0.2822
     13250      -5506.965 0.7942163    3.60191548   15.53117905                       0                   0.3000
     13500      -5556.412 0.7920262    3.68668847   15.73067411                       0                   0.3004
     13750      -5436.065 0.7968306    3.19790156   12.78832999                       0                   0.3142
     14000      -5507.376 0.7937157    3.17821323   12.27705268                       0                   0.3250
     14250      -5502.677 0.7947234    3.18455056   12.52431580                       0                   0.2930
     14500      -5651.716 0.7896139    2.97805359   10.77141057                       0                   0.2860
     14750      -5423.578 0.7964189    3.12918270   12.01579691                       0                   0.3146
     15000      -5558.829 0.7917634    3.59252129   15.31458522                       0                   0.3212
     15250      -5365.265 0.7991413    3.51208858   15.08320234                       0                   0.3086
     15500      -5432.659 0.7962146    3.37208800   13.91991484                       0                   0.2932
     15750      -5533.242 0.7933132    3.49951509   14.97263926                       0                   0.3048
     16000      -5491.279 0.7946580    3.59460912   15.36627288                       0                   0.2970
     16250      -5516.103 0.7937235    3.49845577   14.56734163                       0                   0.2890
     16500      -5384.413 0.7986725    3.39666739   14.37678803                       0                   0.2984
     16750      -5450.352 0.7968956    3.29551301   13.72739883                       0                   0.2946
     17000      -5419.934 0.7980497    3.40996624   14.37384846                       0                   0.3004
     17250      -5449.487 0.7970793    3.28161995   13.41356433                       0                   0.3038
     17500      -5388.693 0.7982974    3.30944093   13.78877743                       0                   0.2890
     17750      -5303.453 0.8007433    3.65424106   16.19480730                       0                   0.2904
     18000      -5438.969 0.7963677    3.16829840   12.19361748                       0                   0.2974
     18250      -5594.645 0.7921983    3.37940332   13.75524122                       0                   0.3172
     18500      -5491.206 0.7951594    3.30246673   13.33548934                       0                   0.2970
     18750      -5468.513 0.7949856    3.07812159   11.61784262                       0                   0.2908
     19000      -5456.800 0.7963919    3.34599056   13.62668434                       0                   0.3036
     19250      -5524.459 0.7929717    3.43131005   14.11940805                       0                   0.3050
     19500      -5454.031 0.7955920    3.25538447   12.77878710                       0                   0.2868
     19750      -5482.325 0.7943695    3.21594938   12.68183390                       0                   0.3048
     20000      -5465.624 0.7959086    3.73078935   16.64772863                       0                   0.3270
