Model Name:	MNL	
Number of individuals:	1138	
Number of observations:	10242	
Number of preliminary iterations:	30000	
Number of draws used per individual:	20000	
Random Seed:	1987	
Total iterations:	50000	
Degrees of Freedom:	5	
Number of parameters:	3	

Fixed parameters estimated: 
ASC1
BTime
BCost




Estimated:	3.15 mins	
----------------------------------------------------------- 
 Iteration Log-Likelihood       RLH Parameter RMS Avg. Variance Acceptance Rate (Fixed) Acceptance Rate (Normal)
         1      -7099.213 0.5000000            NA            NA                    0.00                        0
       250      -6412.141 0.5375868            NA            NA                    0.29                        0
       500      -6308.966 0.5433285            NA            NA                    0.22                        0
       750      -6270.298 0.5464491            NA            NA                    0.19                        0
      1000      -6263.513 0.5471627            NA            NA                    0.21                        0
      1250      -6263.162 0.5471863            NA            NA                    0.27                        0
      1500      -6264.501 0.5472681            NA            NA                    0.17                        0
      1750      -6263.706 0.5470737            NA            NA                    0.08                        0
      2000      -6264.427 0.5474860            NA            NA                    0.18                        0
      2250      -6263.955 0.5470423            NA            NA                    0.29                        0
      2500      -6263.630 0.5472075            NA            NA                    0.23                        0
      2750      -6264.129 0.5467717            NA            NA                    0.34                        0
      3000      -6263.063 0.5470371            NA            NA                    0.27                        0
      3250      -6263.632 0.5469742            NA            NA                    0.24                        0
      3500      -6262.707 0.5471374            NA            NA                    0.24                        0
      3750      -6265.542 0.5468105            NA            NA                    0.35                        0
      4000      -6264.398 0.5473641            NA            NA                    0.22                        0
      4250      -6262.962 0.5472479            NA            NA                    0.18                        0
      4500      -6263.272 0.5471790            NA            NA                    0.36                        0
      4750      -6262.770 0.5472009            NA            NA                    0.29                        0
      5000      -6264.788 0.5474118            NA            NA                    0.27                        0
      5250      -6263.429 0.5472172            NA            NA                    0.33                        0
      5500      -6263.271 0.5469140            NA            NA                    0.25                        0
      5750      -6264.190 0.5469132            NA            NA                    0.31                        0
      6000      -6273.071 0.5458557            NA            NA                    0.35                        0
      6250      -6266.196 0.5466850            NA            NA                    0.36                        0
      6500      -6265.795 0.5465699            NA            NA                    0.32                        0
      6750      -6263.868 0.5467969            NA            NA                    0.26                        0
      7000      -6266.399 0.5472732            NA            NA                    0.19                        0
      7250      -6263.696 0.5468582            NA            NA                    0.29                        0
      7500      -6267.090 0.5468419            NA            NA                    0.34                        0
      7750      -6263.998 0.5472493            NA            NA                    0.36                        0
      8000      -6262.894 0.5470299            NA            NA                    0.31                        0
      8250      -6264.177 0.5468974            NA            NA                    0.34                        0
      8500      -6266.522 0.5472478            NA            NA                    0.33                        0
      8750      -6263.513 0.5469567            NA            NA                    0.38                        0
      9000      -6263.358 0.5469197            NA            NA                    0.31                        0
      9250      -6264.181 0.5472965            NA            NA                    0.24                        0
      9500      -6265.565 0.5473498            NA            NA                    0.19                        0
      9750      -6264.065 0.5470565            NA            NA                    0.29                        0
     10000      -6265.206 0.5472746            NA            NA                    0.27                        0
     10250      -6263.713 0.5468730            NA            NA                    0.34                        0
     10500      -6263.683 0.5471914            NA            NA                    0.28                        0
     10750      -6263.940 0.5470300            NA            NA                    0.21                        0
     11000      -6264.483 0.5472173            NA            NA                    0.25                        0
     11250      -6262.802 0.5471416            NA            NA                    0.22                        0
     11500      -6263.561 0.5469665            NA            NA                    0.29                        0
     11750      -6263.688 0.5472534            NA            NA                    0.33                        0
     12000      -6264.840 0.5474654            NA            NA                    0.27                        0
     12250      -6263.093 0.5473140            NA            NA                    0.24                        0
     12500      -6263.140 0.5470759            NA            NA                    0.18                        0
     12750      -6264.907 0.5470904            NA            NA                    0.34                        0
     13000      -6263.710 0.5469004            NA            NA                    0.36                        0
     13250      -6264.386 0.5471063            NA            NA                    0.24                        0
     13500      -6263.439 0.5472023            NA            NA                    0.23                        0
     13750      -6265.238 0.5471995            NA            NA                    0.33                        0
     14000      -6264.403 0.5474878            NA            NA                    0.30                        0
     14250      -6264.983 0.5475174            NA            NA                    0.24                        0
     14500      -6263.947 0.5468285            NA            NA                    0.20                        0
     14750      -6263.039 0.5470424            NA            NA                    0.39                        0
     15000      -6262.825 0.5470574            NA            NA                    0.27                        0
     15250      -6263.576 0.5470522            NA            NA                    0.30                        0
     15500      -6263.863 0.5469094            NA            NA                    0.29                        0
     15750      -6266.612 0.5474838            NA            NA                    0.30                        0
     16000      -6263.215 0.5473488            NA            NA                    0.40                        0
     16250      -6263.265 0.5472698            NA            NA                    0.41                        0
     16500      -6264.054 0.5473768            NA            NA                    0.27                        0
     16750      -6265.165 0.5470527            NA            NA                    0.32                        0
     17000      -6263.027 0.5472123            NA            NA                    0.34                        0
     17250      -6264.936 0.5471279            NA            NA                    0.30                        0
     17500      -6263.059 0.5469720            NA            NA                    0.24                        0
     17750      -6262.897 0.5473235            NA            NA                    0.33                        0
     18000      -6264.274 0.5474997            NA            NA                    0.27                        0
     18250      -6263.834 0.5474028            NA            NA                    0.24                        0
     18500      -6262.874 0.5471612            NA            NA                    0.40                        0
     18750      -6264.426 0.5470613            NA            NA                    0.31                        0
     19000      -6262.911 0.5471374            NA            NA                    0.27                        0
     19250      -6264.264 0.5468944            NA            NA                    0.28                        0
     19500      -6267.174 0.5464702            NA            NA                    0.31                        0
     19750      -6264.465 0.5467620            NA            NA                    0.39                        0
     20000      -6263.000 0.5470854            NA            NA                    0.30                        0
     20250      -6265.144 0.5474231            NA            NA                    0.20                        0
     20500      -6266.301 0.5466529            NA            NA                    0.30                        0
     20750      -6264.073 0.5472719            NA            NA                    0.30                        0
     21000      -6265.024 0.5470461            NA            NA                    0.38                        0
     21250      -6264.362 0.5469572            NA            NA                    0.25                        0
     21500      -6264.401 0.5468182            NA            NA                    0.32                        0
     21750      -6266.320 0.5472519            NA            NA                    0.28                        0
     22000      -6262.935 0.5472546            NA            NA                    0.24                        0
     22250      -6263.351 0.5472414            NA            NA                    0.31                        0
     22500      -6264.564 0.5473712            NA            NA                    0.28                        0
     22750      -6263.910 0.5471989            NA            NA                    0.35                        0
     23000      -6263.905 0.5474673            NA            NA                    0.29                        0
     23250      -6263.318 0.5473207            NA            NA                    0.35                        0
     23500      -6263.825 0.5472376            NA            NA                    0.26                        0
     23750      -6264.912 0.5474804            NA            NA                    0.36                        0
     24000      -6266.051 0.5472637            NA            NA                    0.23                        0
     24250      -6264.384 0.5467408            NA            NA                    0.40                        0
     24500      -6263.069 0.5472172            NA            NA                    0.29                        0
     24750      -6264.002 0.5469182            NA            NA                    0.31                        0
     25000      -6263.188 0.5470152            NA            NA                    0.29                        0
     25250      -6263.889 0.5468620            NA            NA                    0.28                        0
     25500      -6264.264 0.5470309            NA            NA                    0.27                        0
     25750      -6263.385 0.5472570            NA            NA                    0.31                        0
     26000      -6263.259 0.5473334            NA            NA                    0.31                        0
     26250      -6263.333 0.5473477            NA            NA                    0.38                        0
     26500      -6263.483 0.5472428            NA            NA                    0.33                        0
     26750      -6264.617 0.5472314            NA            NA                    0.32                        0
     27000      -6263.655 0.5468783            NA            NA                    0.19                        0
     27250      -6263.014 0.5471412            NA            NA                    0.30                        0
     27500      -6264.861 0.5468072            NA            NA                    0.30                        0
     27750      -6263.288 0.5470659            NA            NA                    0.36                        0
     28000      -6264.956 0.5468175            NA            NA                    0.25                        0
     28250      -6265.144 0.5469115            NA            NA                    0.35                        0
     28500      -6263.353 0.5474121            NA            NA                    0.24                        0
     28750      -6263.352 0.5473499            NA            NA                    0.34                        0
     29000      -6262.721 0.5471731            NA            NA                    0.18                        0
     29250      -6266.602 0.5465278            NA            NA                    0.39                        0
     29500      -6264.484 0.5470386            NA            NA                    0.22                        0
     29750      -6262.888 0.5470681            NA            NA                    0.30                        0
     30000      -6263.198 0.5469612            NA            NA                    0.22                        0
     30250      -6262.926 0.5470666            NA            NA                    0.30                        0
     30500      -6264.949 0.5470870            NA            NA                    0.35                        0
     30750      -6264.035 0.5468096            NA            NA                    0.23                        0
     31000      -6264.464 0.5467995            NA            NA                    0.30                        0
     31250      -6265.524 0.5467122            NA            NA                    0.34                        0
     31500      -6263.185 0.5473733            NA            NA                    0.32                        0
     31750      -6266.060 0.5473507            NA            NA                    0.31                        0
     32000      -6262.912 0.5472723            NA            NA                    0.29                        0
     32250      -6263.343 0.5471722            NA            NA                    0.39                        0
     32500      -6263.848 0.5473419            NA            NA                    0.22                        0
     32750      -6264.300 0.5471624            NA            NA                    0.23                        0
     33000      -6262.959 0.5472701            NA            NA                    0.28                        0
     33250      -6264.902 0.5471431            NA            NA                    0.27                        0
     33500      -6263.273 0.5471700            NA            NA                    0.32                        0
     33750      -6264.225 0.5468231            NA            NA                    0.27                        0
     34000      -6263.151 0.5471377            NA            NA                    0.29                        0
     34250      -6266.727 0.5473209            NA            NA                    0.29                        0
     34500      -6263.896 0.5474775            NA            NA                    0.26                        0
     34750      -6263.599 0.5473198            NA            NA                    0.18                        0
     35000      -6263.724 0.5473021            NA            NA                    0.41                        0
     35250      -6264.785 0.5475174            NA            NA                    0.29                        0
     35500      -6265.029 0.5469699            NA            NA                    0.23                        0
     35750      -6263.289 0.5470463            NA            NA                    0.25                        0
     36000      -6266.766 0.5464838            NA            NA                    0.32                        0
     36250      -6265.416 0.5471558            NA            NA                    0.31                        0
     36500      -6263.366 0.5470436            NA            NA                    0.20                        0
     36750      -6263.177 0.5469379            NA            NA                    0.32                        0
     37000      -6263.777 0.5472408            NA            NA                    0.39                        0
     37250      -6264.377 0.5468415            NA            NA                    0.25                        0
     37500      -6265.419 0.5468123            NA            NA                    0.28                        0
     37750      -6264.052 0.5469918            NA            NA                    0.33                        0
     38000      -6264.716 0.5469316            NA            NA                    0.33                        0
     38250      -6263.521 0.5473807            NA            NA                    0.28                        0
     38500      -6264.939 0.5468652            NA            NA                    0.23                        0
     38750      -6265.222 0.5467901            NA            NA                    0.32                        0
     39000      -6264.703 0.5475305            NA            NA                    0.34                        0
     39250      -6264.350 0.5474372            NA            NA                    0.26                        0
     39500      -6263.530 0.5469399            NA            NA                    0.27                        0
     39750      -6263.213 0.5471560            NA            NA                    0.27                        0
     40000      -6264.107 0.5467474            NA            NA                    0.29                        0
     40250      -6267.044 0.5464162            NA            NA                    0.27                        0
     40500      -6263.226 0.5469602            NA            NA                    0.27                        0
     40750      -6263.732 0.5468282            NA            NA                    0.36                        0
     41000      -6263.835 0.5472237            NA            NA                    0.25                        0
     41250      -6262.827 0.5472821            NA            NA                    0.24                        0
     41500      -6262.992 0.5472112            NA            NA                    0.32                        0
     41750      -6264.299 0.5467303            NA            NA                    0.35                        0
     42000      -6266.357 0.5468829            NA            NA                    0.28                        0
     42250      -6265.323 0.5468465            NA            NA                    0.30                        0
     42500      -6262.952 0.5472316            NA            NA                    0.26                        0
     42750      -6263.513 0.5470726            NA            NA                    0.38                        0
     43000      -6263.187 0.5471896            NA            NA                    0.33                        0
     43250      -6264.787 0.5470834            NA            NA                    0.28                        0
     43500      -6264.965 0.5474394            NA            NA                    0.30                        0
     43750      -6262.978 0.5472046            NA            NA                    0.31                        0
     44000      -6262.893 0.5471296            NA            NA                    0.35                        0
     44250      -6262.960 0.5473257            NA            NA                    0.26                        0
     44500      -6263.296 0.5469802            NA            NA                    0.32                        0
     44750      -6263.627 0.5469060            NA            NA                    0.28                        0
     45000      -6263.137 0.5472962            NA            NA                    0.17                        0
     45250      -6263.966 0.5474297            NA            NA                    0.27                        0
     45500      -6264.688 0.5474415            NA            NA                    0.37                        0
     45750      -6262.925 0.5472134            NA            NA                    0.25                        0
     46000      -6263.204 0.5472101            NA            NA                    0.35                        0
     46250      -6264.383 0.5473583            NA            NA                    0.38                        0
     46500      -6263.901 0.5470154            NA            NA                    0.35                        0
     46750      -6268.244 0.5465719            NA            NA                    0.33                        0
     47000      -6264.988 0.5467172            NA            NA                    0.27                        0
     47250      -6263.732 0.5468428            NA            NA                    0.29                        0
     47500      -6263.778 0.5470317            NA            NA                    0.25                        0
     47750      -6264.756 0.5468858            NA            NA                    0.38                        0
     48000      -6264.052 0.5470524            NA            NA                    0.26                        0
     48250      -6264.782 0.5471738            NA            NA                    0.25                        0
     48500      -6264.116 0.5470932            NA            NA                    0.36                        0
     48750      -6264.610 0.5474570            NA            NA                    0.25                        0
     49000      -6262.755 0.5471146            NA            NA                    0.36                        0
     49250      -6265.147 0.5475315            NA            NA                    0.31                        0
     49500      -6265.693 0.5467931            NA            NA                    0.29                        0
     49750      -6263.011 0.5472529            NA            NA                    0.32                        0
     50000      -6262.923 0.5470436            NA            NA                    0.26                        0
