Model Name:	Ordered_Probit	
Number of individuals:	5000	
Number of observations:	20000	
Number of preliminary iterations:	10000	
Number of draws used per individual:	10000	
Random Seed:	1987	
Total iterations:	20000	
Degrees of Freedom:	5	
Number of parameters:	4	

Fixed parameters estimated: 
threshold1
threshold2

Random parameters estimated (Distribution): 
Bx ( N )
By ( N )


Prior Variance-Covariance Matrix:
   Bx By
Bx  2  0
By  0  2

Estimated:	20.5 mins	
----------------------------------------------------------- 
 Iteration Log-Likelihood       RLH Parameter RMS Avg. Variance Acceptance Rate (Fixed) Acceptance Rate (Normal)
         1     -17024.826 0.4914234     0.2614738    0.06890326                    0.00                   0.3810
       250      -4707.303 0.8196630     0.6625641    0.47119582                    0.58                   0.2786
       500      -3937.629 0.8475649     0.8693901    0.85448215                    0.75                   0.2972
       750      -3661.392 0.8569010     0.9526536    1.05307565                    0.70                   0.3102
      1000      -3520.558 0.8623475     1.0111268    1.20464260                    0.83                   0.2994
      1250      -3457.411 0.8652960     1.0615988    1.33029624                    0.76                   0.3166
      1500      -3264.586 0.8719280     1.1188267    1.53198121                    0.81                   0.2986
      1750      -3341.263 0.8690469     1.0766642    1.40659506                    0.81                   0.2928
      2000      -3336.087 0.8695486     1.1203186    1.51503266                    0.77                   0.2962
      2250      -3361.066 0.8688282     1.1281846    1.49847701                    0.74                   0.2970
      2500      -3248.979 0.8729023     1.1405710    1.52664023                    0.65                   0.3286
      2750      -3291.580 0.8714738     1.1487526    1.58331927                    0.64                   0.2960
      3000      -3153.530 0.8755944     1.1900737    1.72539329                    0.75                   0.2952
      3250      -3181.816 0.8761838     1.2489527    1.86850176                    0.73                   0.3074
      3500      -3152.021 0.8771153     1.2699278    1.94633214                    0.72                   0.3006
      3750      -3310.598 0.8707110     1.1631031    1.62139834                    0.68                   0.2876
      4000      -3199.122 0.8751925     1.2158350    1.78639865                    0.70                   0.2972
      4250      -3206.659 0.8752893     1.2306117    1.83863956                    0.76                   0.2894
      4500      -3180.090 0.8756221     1.2184789    1.76824105                    0.73                   0.2988
      4750      -3145.750 0.8766149     1.1990986    1.70171079                    0.70                   0.2856
      5000      -3153.713 0.8770252     1.2193308    1.78245661                    0.73                   0.2944
      5250      -3226.686 0.8739449     1.2207185    1.78885971                    0.64                   0.3328
      5500      -3088.805 0.8785120     1.2173339    1.76159364                    0.63                   0.3172
      5750      -3127.907 0.8782861     1.2518772    1.93513334                    0.64                   0.2852
      6000      -3073.248 0.8796093     1.2809436    1.98841850                    0.68                   0.3008
      6250      -3078.709 0.8795358     1.2907059    2.08180139                    0.69                   0.2874
      6500      -3145.745 0.8766676     1.2257393    1.83671584                    0.72                   0.2902
      6750      -3045.271 0.8803989     1.2614650    1.91873473                    0.72                   0.2864
      7000      -3133.520 0.8770661     1.2163673    1.74502790                    0.66                   0.2942
      7250      -3184.640 0.8754375     1.2092057    1.72708138                    0.57                   0.2852
      7500      -3199.665 0.8743314     1.2031838    1.73522652                    0.61                   0.3014
      7750      -3186.923 0.8750144     1.2005502    1.73356803                    0.68                   0.3044
      8000      -3190.084 0.8748076     1.1683459    1.63460718                    0.58                   0.2796
      8250      -3173.069 0.8747128     1.1787783    1.68413514                    0.62                   0.2986
      8500      -3382.196 0.8685833     1.1538984    1.61846932                    0.56                   0.3264
      8750      -3258.554 0.8731936     1.1955614    1.75869145                    0.55                   0.2854
      9000      -3224.598 0.8736076     1.1825706    1.67356797                    0.52                   0.2792
      9250      -3278.005 0.8713862     1.1425829    1.55502843                    0.57                   0.3146
      9500      -3138.451 0.8764584     1.2250813    1.85925275                    0.50                   0.2986
      9750      -3220.015 0.8741789     1.2331913    1.84458932                    0.53                   0.3168
     10000      -3134.223 0.8772816     1.2049259    1.77751995                    0.48                   0.3206
     10250      -3218.016 0.8747562     1.2383247    1.85550791                    0.61                   0.2936
     10500      -3119.234 0.8782301     1.2402447    1.87634459                    0.52                   0.3082
     10750      -3205.391 0.8747574     1.1937644    1.72657216                    0.46                   0.2754
     11000      -3200.494 0.8751860     1.2273291    1.82842479                    0.50                   0.3002
     11250      -3203.418 0.8748814     1.1917055    1.66233443                    0.51                   0.2966
     11500      -3100.097 0.8785212     1.2586619    1.92019549                    0.42                   0.2958
     11750      -3206.810 0.8754224     1.2481513    1.88785018                    0.53                   0.3154
     12000      -3245.736 0.8736732     1.1862857    1.70275828                    0.49                   0.3188
     12250      -3272.231 0.8721255     1.1688987    1.58308684                    0.48                   0.2834
     12500      -3217.059 0.8747516     1.1881225    1.72473019                    0.34                   0.2768
     12750      -3166.686 0.8756687     1.2230825    1.80064717                    0.41                   0.3118
     13000      -3226.673 0.8738694     1.1895930    1.68225748                    0.42                   0.2860
     13250      -3074.390 0.8790745     1.2513809    1.87548829                    0.40                   0.2964
     13500      -3106.198 0.8787723     1.2207766    1.79594297                    0.34                   0.3094
     13750      -3102.005 0.8785871     1.2322966    1.75273708                    0.46                   0.2954
     14000      -3008.062 0.8817605     1.2712601    1.96481580                    0.40                   0.2786
     14250      -3042.078 0.8801823     1.2627783    1.91086298                    0.39                   0.3110
     14500      -3038.972 0.8803261     1.2846511    1.99966351                    0.32                   0.3072
     14750      -3015.123 0.8817532     1.3071890    2.06499326                    0.39                   0.2940
     15000      -3121.533 0.8785671     1.2674584    1.96273225                    0.30                   0.2892
     15250      -3105.372 0.8786962     1.2990686    2.03548584                    0.37                   0.2858
     15500      -3148.640 0.8768599     1.2708879    1.96319158                    0.38                   0.2854
     15750      -3130.087 0.8774702     1.2049715    1.71913658                    0.34                   0.2908
     16000      -3164.368 0.8759750     1.2286685    1.80543676                    0.23                   0.2904
     16250      -3081.322 0.8791598     1.2480166    1.86931043                    0.31                   0.2980
     16500      -3099.862 0.8783878     1.2482469    1.87602194                    0.30                   0.3244
     16750      -3124.683 0.8765150     1.2360927    1.83556693                    0.40                   0.2932
     17000      -3199.288 0.8745580     1.1995504    1.76727110                    0.24                   0.2934
     17250      -3040.148 0.8808508     1.2757279    2.02307325                    0.41                   0.2826
     17500      -3022.087 0.8818174     1.3056840    2.03229496                    0.32                   0.2842
     17750      -3005.563 0.8826044     1.3594833    2.23791304                    0.33                   0.3054
     18000      -3020.275 0.8816281     1.2895689    1.98384549                    0.29                   0.2870
     18250      -3144.062 0.8767865     1.2336589    1.86571677                    0.36                   0.2958
     18500      -3191.663 0.8750714     1.2000307    1.70586352                    0.26                   0.3250
     18750      -3056.881 0.8805123     1.3038414    2.06718491                    0.34                   0.3054
     19000      -3185.434 0.8760287     1.2898659    2.03904609                    0.33                   0.3170
     19250      -3212.814 0.8753090     1.2440554    1.89846115                    0.29                   0.2958
     19500      -3176.597 0.8755902     1.2433983    1.89357375                    0.33                   0.3034
     19750      -3070.721 0.8797313     1.2706836    2.00487078                    0.27                   0.2904
     20000      -3075.167 0.8790999     1.2397782    1.86241074                    0.39                   0.3130
