Model Name:	Error Components	
Number of individuals:	5000	
Number of observations:	20000	
Number of preliminary iterations:	10000	
Number of draws used per individual:	10000	
Random Seed:	1987	
Total iterations:	20000	
Degrees of Freedom:	5	
Number of parameters:	3	


Random parameters estimated (Distribution): 
Bx ( N )
By ( N )
EC ( N )


Prior Variance-Covariance Matrix:
   Bx By EC
Bx  2  0  0
By  0  2  0
EC  0  0  2

Estimated:	6.7 mins	
----------------------------------------------------------- 
 Iteration Log-Likelihood       RLH Parameter RMS Avg. Variance Acceptance Rate (Fixed) Acceptance Rate (Normal)
         1     -19653.329 0.3905911     0.2661141    0.07216558                       0                   0.4192
       250     -10407.149 0.6316657     0.6582984    0.46973549                       0                   0.2892
       500      -8401.680 0.6940009     1.3384649    1.80534833                       0                   0.3004
       750      -7362.929 0.7299461     1.7890851    3.26112267                       0                   0.3114
      1000      -7143.692 0.7367747     1.8560187    3.51801163                       0                   0.3048
      1250      -7317.652 0.7308647     1.8340529    3.39451116                       0                   0.3146
      1500      -7125.004 0.7383956     1.9685771    3.96674310                       0                   0.2986
      1750      -7366.104 0.7311068     1.8654160    3.59245231                       0                   0.2728
      2000      -7124.061 0.7374822     1.9349124    3.77220819                       0                   0.3040
      2250      -7266.976 0.7328581     1.9016806    3.67641514                       0                   0.3120
      2500      -7565.621 0.7243090     1.7980411    3.28309337                       0                   0.2860
      2750      -7314.368 0.7307971     1.8510152    3.44644373                       0                   0.3238
      3000      -7432.437 0.7270018     1.8103134    3.30360108                       0                   0.3020
      3250      -7317.571 0.7314923     1.8865572    3.63223169                       0                   0.3096
      3500      -7306.089 0.7324939     1.8697365    3.57060197                       0                   0.2934
      3750      -7167.875 0.7360913     1.8804094    3.57209253                       0                   0.3090
      4000      -7356.284 0.7298687     1.8334194    3.42197856                       0                   0.2908
      4250      -7534.871 0.7231246     1.7576398    3.10802939                       0                   0.3068
      4500      -7253.550 0.7344539     1.8760495    3.55257713                       0                   0.2954
      4750      -7091.624 0.7380018     1.8970370    3.64128838                       0                   0.2972
      5000      -7256.241 0.7336882     1.8642732    3.51199362                       0                   0.3146
      5250      -7227.021 0.7339903     1.9272089    3.76679567                       0                   0.2938
      5500      -7284.767 0.7313063     1.8335785    3.39694368                       0                   0.3114
      5750      -7443.953 0.7274205     1.7642259    3.14454098                       0                   0.2956
      6000      -7284.760 0.7322233     1.9116152    3.75578874                       0                   0.2870
      6250      -7338.735 0.7302311     1.8536010    3.52412118                       0                   0.2924
      6500      -7127.798 0.7372117     1.9110680    3.73093879                       0                   0.2822
      6750      -7338.443 0.7308675     1.8525475    3.47571965                       0                   0.3082
      7000      -7201.176 0.7353223     1.8738242    3.60432697                       0                   0.3180
      7250      -7411.102 0.7287046     1.8377368    3.42737800                       0                   0.3172
      7500      -7563.348 0.7232025     1.8071860    3.30531770                       0                   0.2994
      7750      -7298.022 0.7315296     1.8789286    3.56816918                       0                   0.3296
      8000      -7467.154 0.7261279     1.8209261    3.40598596                       0                   0.3016
      8250      -7550.004 0.7235277     1.7855796    3.22499471                       0                   0.2932
      8500      -7266.733 0.7332237     1.8761376    3.59058100                       0                   0.3148
      8750      -7208.599 0.7353586     1.9141395    3.67504821                       0                   0.3124
      9000      -7248.644 0.7345446     1.9247220    3.73401666                       0                   0.3182
      9250      -7160.868 0.7361110     1.8971477    3.62092275                       0                   0.3122
      9500      -7246.226 0.7344528     1.8791436    3.58630204                       0                   0.2974
      9750      -7130.450 0.7373051     1.9258640    3.81632377                       0                   0.3054
     10000      -7080.447 0.7392929     1.9448916    3.78351593                       0                   0.3178
     10250      -7429.536 0.7277941     1.8131819    3.33579128                       0                   0.3104
     10500      -7354.496 0.7301120     1.8819160    3.53452763                       0                   0.3144
     10750      -7351.809 0.7307805     1.8220981    3.33485810                       0                   0.2830
     11000      -7174.726 0.7358920     1.9228682    3.75145134                       0                   0.3070
     11250      -7226.398 0.7343550     1.9012255    3.64581030                       0                   0.3054
     11500      -7279.774 0.7328822     1.9017177    3.67735352                       0                   0.2870
     11750      -7184.343 0.7347770     1.9473960    3.84997038                       0                   0.3162
     12000      -7366.216 0.7291896     1.8800986    3.52249565                       0                   0.3030
     12250      -7271.544 0.7326980     1.8763703    3.61863994                       0                   0.3012
     12500      -7174.790 0.7360668     1.8950605    3.66214254                       0                   0.2888
     12750      -7266.934 0.7335984     1.9309381    3.73401887                       0                   0.3142
     13000      -7330.042 0.7309692     1.8771415    3.54261203                       0                   0.3004
     13250      -7453.109 0.7276886     1.8067604    3.31705315                       0                   0.2868
     13500      -7303.951 0.7320987     1.8592983    3.52476270                       0                   0.3106
     13750      -7313.081 0.7313814     1.8689103    3.53417650                       0                   0.2832
     14000      -7214.556 0.7347368     1.9189885    3.70736606                       0                   0.2954
     14250      -7324.350 0.7321446     1.9300004    3.74872427                       0                   0.2886
     14500      -7241.247 0.7345921     1.8913503    3.57314715                       0                   0.2978
     14750      -7217.504 0.7344353     1.9888318    4.04136970                       0                   0.2986
     15000      -7462.745 0.7269758     1.8193956    3.38093883                       0                   0.2834
     15250      -7269.184 0.7316768     1.8244224    3.38729947                       0                   0.2952
     15500      -7238.038 0.7352971     1.9094787    3.70030850                       0                   0.2970
     15750      -7134.567 0.7374405     1.9031109    3.73704968                       0                   0.3108
     16000      -7394.981 0.7290392     1.8845356    3.58483557                       0                   0.2852
     16250      -7281.860 0.7312891     1.8270323    3.37243235                       0                   0.2848
     16500      -7456.279 0.7270722     1.7865061    3.20028642                       0                   0.3068
     16750      -7167.251 0.7356028     1.9003950    3.69908601                       0                   0.2978
     17000      -7223.038 0.7326090     1.8400425    3.40712451                       0                   0.2758
     17250      -7270.854 0.7339318     1.8800024    3.61171407                       0                   0.3212
     17500      -7139.861 0.7361445     1.8625515    3.48280176                       0                   0.3052
     17750      -7244.758 0.7317062     1.8630668    3.50836408                       0                   0.3040
     18000      -7299.695 0.7328962     1.9022899    3.65382690                       0                   0.3214
     18250      -7365.918 0.7304642     1.8890250    3.62480817                       0                   0.3118
     18500      -7245.604 0.7334809     1.8709278    3.52147864                       0                   0.3002
     18750      -7297.373 0.7317032     1.8380155    3.43960693                       0                   0.3142
     19000      -7346.259 0.7312698     1.8163520    3.26988477                       0                   0.2800
     19250      -7445.628 0.7283421     1.8125120    3.33047448                       0                   0.2862
     19500      -7181.498 0.7359606     1.9226458    3.75568645                       0                   0.3168
     19750      -7147.893 0.7365068     1.9438431    3.81116141                       0                   0.3140
     20000      -7280.402 0.7322138     1.8579636    3.42667104                       0                   0.2722
